  [1m[36mActiveRecord::SchemaMigration Load (2.5ms)[0m  [1mSELECT `schema_migrations`.* FROM `schema_migrations`[0m
Migrating to CreateRestAccessTokens (20160513123422)
  [1m[35m (50.0ms)[0m  CREATE TABLE `rest_access_tokens` (`id` int(11) auto_increment PRIMARY KEY, `value` varchar(255), `created_at` datetime NOT NULL, `updated_at` datetime NOT NULL) ENGINE=InnoDB
  [1m[36m (0.3ms)[0m  [1mBEGIN[0m
  [1m[35mSQL (1.8ms)[0m  INSERT INTO `schema_migrations` (`version`) VALUES ('20160513123422')
  [1m[36m (5.3ms)[0m  [1mCOMMIT[0m
Migrating to CreateUsers (20160513123645)
  [1m[35m (41.2ms)[0m  CREATE TABLE `users` (`id` int(11) auto_increment PRIMARY KEY, `name` varchar(255), `email` varchar(255), `singed_via` varchar(255), `created_at` datetime NOT NULL, `updated_at` datetime NOT NULL) ENGINE=InnoDB
  [1m[36m (0.2ms)[0m  [1mBEGIN[0m
  [1m[35mSQL (1.4ms)[0m  INSERT INTO `schema_migrations` (`version`) VALUES ('20160513123645')
  [1m[36m (5.2ms)[0m  [1mCOMMIT[0m
Migrating to AddUserToRestAccessToken (20160513123945)
  [1m[35m (44.1ms)[0m  ALTER TABLE `rest_access_tokens` ADD `user_id` int(11)
  [1m[36m (11.0ms)[0m  [1mCREATE  INDEX `index_rest_access_tokens_on_user_id`  ON `rest_access_tokens` (`user_id`) [0m
  [1m[35m (87.2ms)[0m  ALTER TABLE `rest_access_tokens` ADD CONSTRAINT `fk_rails_bda75cff9e`
FOREIGN KEY (`user_id`)
  REFERENCES `users` (`id`)

  [1m[36m (0.2ms)[0m  [1mBEGIN[0m
  [1m[35mSQL (0.5ms)[0m  INSERT INTO `schema_migrations` (`version`) VALUES ('20160513123945')
  [1m[36m (5.5ms)[0m  [1mCOMMIT[0m
Migrating to CreateLanguages (20160513125131)
  [1m[35m (30.4ms)[0m  CREATE TABLE `languages` (`id` int(11) auto_increment PRIMARY KEY, `name` varchar(255), `created_at` datetime NOT NULL, `updated_at` datetime NOT NULL) ENGINE=InnoDB
  [1m[36m (0.1ms)[0m  [1mBEGIN[0m
  [1m[35mSQL (0.5ms)[0m  INSERT INTO `schema_migrations` (`version`) VALUES ('20160513125131')
  [1m[36m (1.6ms)[0m  [1mCOMMIT[0m
Migrating to CreateLanguagesUsers (20160513125556)
  [1m[35m (17.9ms)[0m  CREATE TABLE `languages_users` (`id` int(11) auto_increment PRIMARY KEY, `user_id` int(11), `language_id` int(11),  INDEX `index_languages_users_on_user_id`  (`user_id`) ,  INDEX `index_languages_users_on_language_id`  (`language_id`) ) ENGINE=InnoDB
  [1m[36m (84.1ms)[0m  [1mALTER TABLE `languages_users` ADD CONSTRAINT `fk_rails_ba7022d090`
FOREIGN KEY (`user_id`)
  REFERENCES `users` (`id`)
[0m
  [1m[35m (59.0ms)[0m  ALTER TABLE `languages_users` ADD CONSTRAINT `fk_rails_681a3b250a`
FOREIGN KEY (`language_id`)
  REFERENCES `languages` (`id`)

  [1m[36m (0.1ms)[0m  [1mBEGIN[0m
  [1m[35mSQL (0.3ms)[0m  INSERT INTO `schema_migrations` (`version`) VALUES ('20160513125556')
  [1m[36m (1.1ms)[0m  [1mCOMMIT[0m
Migrating to CreateContextTexts (20160513125812)
  [1m[35m (29.4ms)[0m  CREATE TABLE `context_texts` (`id` int(11) auto_increment PRIMARY KEY, `url` varchar(255), `title` varchar(255), `whole_text` text, `created_at` datetime NOT NULL, `updated_at` datetime NOT NULL) ENGINE=InnoDB
  [1m[36m (0.2ms)[0m  [1mBEGIN[0m
  [1m[35mSQL (0.7ms)[0m  INSERT INTO `schema_migrations` (`version`) VALUES ('20160513125812')
  [1m[36m (5.4ms)[0m  [1mCOMMIT[0m
Migrating to AddLanguageToContextText (20160513130127)
  [1m[35m (68.9ms)[0m  ALTER TABLE `context_texts` ADD `language_id` int(11)
  [1m[36m (17.9ms)[0m  [1mCREATE  INDEX `index_context_texts_on_language_id`  ON `context_texts` (`language_id`) [0m
  [1m[35m (30.1ms)[0m  ALTER TABLE `context_texts` ADD CONSTRAINT `fk_rails_cce9856c16`
FOREIGN KEY (`language_id`)
  REFERENCES `languages` (`id`)

  [1m[36m (0.3ms)[0m  [1mBEGIN[0m
  [1m[35mSQL (0.4ms)[0m  INSERT INTO `schema_migrations` (`version`) VALUES ('20160513130127')
  [1m[36m (2.0ms)[0m  [1mCOMMIT[0m
Migrating to CreateLanguageContextText (20160513133632)
  [1m[35m (46.2ms)[0m  CREATE TABLE `language_context_texts` (`id` int(11) auto_increment PRIMARY KEY, `language_id` int(11), `context_text_id` int(11),  INDEX `index_language_context_texts_on_language_id`  (`language_id`) ,  INDEX `index_language_context_texts_on_context_text_id`  (`context_text_id`) ) ENGINE=InnoDB
  [1m[36m (80.0ms)[0m  [1mALTER TABLE `language_context_texts` ADD CONSTRAINT `fk_rails_1aeda73b75`
FOREIGN KEY (`language_id`)
  REFERENCES `languages` (`id`)
[0m
  [1m[35m (30.5ms)[0m  ALTER TABLE `language_context_texts` ADD CONSTRAINT `fk_rails_fc2301ceee`
FOREIGN KEY (`context_text_id`)
  REFERENCES `context_texts` (`id`)

  [1m[36m (0.2ms)[0m  [1mBEGIN[0m
  [1m[35mSQL (0.2ms)[0m  INSERT INTO `schema_migrations` (`version`) VALUES ('20160513133632')
  [1m[36m (5.5ms)[0m  [1mCOMMIT[0m
Migrating to CreateTextElements (20160513133855)
  [1m[35m (39.4ms)[0m  CREATE TABLE `text_elements` (`id` int(11) auto_increment PRIMARY KEY, `value` varchar(255), `part_of_speech` varchar(255), `created_at` datetime NOT NULL, `updated_at` datetime NOT NULL) ENGINE=InnoDB
  [1m[36m (0.1ms)[0m  [1mBEGIN[0m
  [1m[35mSQL (0.4ms)[0m  INSERT INTO `schema_migrations` (`version`) VALUES ('20160513133855')
  [1m[36m (5.4ms)[0m  [1mCOMMIT[0m
Migrating to AddLanguageToTextElement (20160513134139)
  [1m[35m (54.8ms)[0m  ALTER TABLE `text_elements` ADD `language_id` int(11)
  [1m[36m (11.1ms)[0m  [1mCREATE  INDEX `index_text_elements_on_language_id`  ON `text_elements` (`language_id`) [0m
  [1m[35m (35.9ms)[0m  ALTER TABLE `text_elements` ADD CONSTRAINT `fk_rails_59159cd717`
FOREIGN KEY (`language_id`)
  REFERENCES `languages` (`id`)

  [1m[36m (0.1ms)[0m  [1mBEGIN[0m
  [1m[35mSQL (0.2ms)[0m  INSERT INTO `schema_migrations` (`version`) VALUES ('20160513134139')
  [1m[36m (5.1ms)[0m  [1mCOMMIT[0m
Migrating to CreateTextElementContextText (20160513135300)
  [1m[35m (49.7ms)[0m  CREATE TABLE `text_element_context_texts` (`id` int(11) auto_increment PRIMARY KEY, `text_element_id` int(11), `context_text_id` int(11),  INDEX `index_text_element_context_texts_on_text_element_id`  (`text_element_id`) ,  INDEX `index_text_element_context_texts_on_context_text_id`  (`context_text_id`) ) ENGINE=InnoDB
  [1m[36m (73.7ms)[0m  [1mALTER TABLE `text_element_context_texts` ADD CONSTRAINT `fk_rails_6f79e4d408`
FOREIGN KEY (`text_element_id`)
  REFERENCES `text_elements` (`id`)
[0m
  [1m[35m (108.3ms)[0m  ALTER TABLE `text_element_context_texts` ADD CONSTRAINT `fk_rails_49b3b7e79b`
FOREIGN KEY (`context_text_id`)
  REFERENCES `context_texts` (`id`)

  [1m[36m (0.1ms)[0m  [1mBEGIN[0m
  [1m[35mSQL (0.2ms)[0m  INSERT INTO `schema_migrations` (`version`) VALUES ('20160513135300')
  [1m[36m (5.1ms)[0m  [1mCOMMIT[0m
Migrating to CreateTranslations (20160513135531)
  [1m[35m (14.4ms)[0m  CREATE TABLE `translations` (`id` int(11) auto_increment PRIMARY KEY, `created_at` datetime NOT NULL, `updated_at` datetime NOT NULL) ENGINE=InnoDB
  [1m[36m (0.1ms)[0m  [1mBEGIN[0m
  [1m[35mSQL (0.2ms)[0m  INSERT INTO `schema_migrations` (`version`) VALUES ('20160513135531')
  [1m[36m (1.6ms)[0m  [1mCOMMIT[0m
Migrating to CreateUserTranslations (20160513141903)
  [1m[35m (17.2ms)[0m  CREATE TABLE `user_translations` (`id` int(11) auto_increment PRIMARY KEY, `user_id` int(11), `translation_id` int(11), `learning_stage` varchar(255), `next_training_at` datetime, `training_history` varchar(255), `created_at` datetime NOT NULL, `updated_at` datetime NOT NULL,  INDEX `index_user_translations_on_user_id`  (`user_id`) ,  INDEX `index_user_translations_on_translation_id`  (`translation_id`) ) ENGINE=InnoDB
  [1m[36m (97.7ms)[0m  [1mALTER TABLE `user_translations` ADD CONSTRAINT `fk_rails_4459d4650d`
FOREIGN KEY (`user_id`)
  REFERENCES `users` (`id`)
[0m
  [1m[35m (41.1ms)[0m  ALTER TABLE `user_translations` ADD CONSTRAINT `fk_rails_1d8338aafb`
FOREIGN KEY (`translation_id`)
  REFERENCES `translations` (`id`)

  [1m[36m (0.1ms)[0m  [1mBEGIN[0m
  [1m[35mSQL (0.2ms)[0m  INSERT INTO `schema_migrations` (`version`) VALUES ('20160513141903')
  [1m[36m (1.9ms)[0m  [1mCOMMIT[0m
Migrating to CreateContextTextTranslation (20160513142612)
  [1m[35m (31.7ms)[0m  CREATE TABLE `context_text_translations` (`id` int(11) auto_increment PRIMARY KEY, `translation_id` int(11), `context_text_id` int(11),  INDEX `index_context_text_translations_on_translation_id`  (`translation_id`) ,  INDEX `index_context_text_translations_on_context_text_id`  (`context_text_id`) ) ENGINE=InnoDB
  [1m[36m (93.5ms)[0m  [1mALTER TABLE `context_text_translations` ADD CONSTRAINT `fk_rails_e0942ec075`
FOREIGN KEY (`translation_id`)
  REFERENCES `translations` (`id`)
[0m
  [1m[35m (27.7ms)[0m  ALTER TABLE `context_text_translations` ADD CONSTRAINT `fk_rails_8411edb8af`
FOREIGN KEY (`context_text_id`)
  REFERENCES `context_texts` (`id`)

  [1m[36m (0.3ms)[0m  [1mBEGIN[0m
  [1m[35mSQL (0.3ms)[0m  INSERT INTO `schema_migrations` (`version`) VALUES ('20160513142612')
  [1m[36m (1.8ms)[0m  [1mCOMMIT[0m
Migrating to AddReferencesToTranslation (20160513144849)
  [1m[35m (89.4ms)[0m  ALTER TABLE `translations` ADD `original_id` int(11)
  [1m[36m (20.9ms)[0m  [1mALTER TABLE `translations` ADD CONSTRAINT `translation_from`
FOREIGN KEY (`original_id`)
  REFERENCES `originals` (`id`)
[0m
  [1m[36mActiveRecord::SchemaMigration Load (1.0ms)[0m  [1mSELECT `schema_migrations`.* FROM `schema_migrations`[0m
Migrating to AddReferencesToTranslation (20160513144849)
  [1m[35m (65.0ms)[0m  ALTER TABLE `translations` ADD `text_element_id` int(11)
  [1m[36m (27.6ms)[0m  [1mALTER TABLE `translations` ADD CONSTRAINT `translation_from`
FOREIGN KEY (`text_element_id`)
  REFERENCES `text_elements` (`id`)
[0m
  [1m[35m (1.5ms)[0m  ALTER TABLE `translations` ADD `text_element_id` int(11)
  [1m[36mActiveRecord::SchemaMigration Load (0.6ms)[0m  [1mSELECT `schema_migrations`.* FROM `schema_migrations`[0m
Migrating to AddReferencesToTranslation (20160513144849)
  [1m[35m (0.8ms)[0m  ALTER TABLE `translations` ADD `text_element_id` int(11)
  [1m[36mActiveRecord::SchemaMigration Load (3.9ms)[0m  [1mSELECT `schema_migrations`.* FROM `schema_migrations`[0m
Migrating to AddReferencesToTranslation (20160513144849)
  [1m[35m (1.6ms)[0m  ALTER TABLE `translations` ADD `original_id` int(11)
  [1m[36mActiveRecord::SchemaMigration Load (0.9ms)[0m  [1mSELECT `schema_migrations`.* FROM `schema_migrations`[0m
Migrating to AddReferencesToTranslation (20160513144849)
  [1m[35m (71.8ms)[0m  ALTER TABLE `translations` ADD `original_id` int(11)
  [1m[36m (33.4ms)[0m  [1mCREATE  INDEX `index_translations_on_original_id`  ON `translations` (`original_id`) [0m
  [1m[35m (32.7ms)[0m  ALTER TABLE `translations` ADD CONSTRAINT `translation_from`
FOREIGN KEY (`original_id`)
  REFERENCES `originals` (`id`)

  [1m[36mActiveRecord::SchemaMigration Load (0.2ms)[0m  [1mSELECT `schema_migrations`.* FROM `schema_migrations`[0m
Migrating to AddReferencesToTranslation (20160513144849)
  [1m[35m (50.4ms)[0m  ALTER TABLE `translations` ADD `original_id` int(11)
  [1m[36m (9.1ms)[0m  [1mCREATE  INDEX `index_translations_on_original_id`  ON `translations` (`original_id`) [0m
  [1m[35m (12.4ms)[0m  ALTER TABLE `translations` ADD CONSTRAINT `translation_from`
FOREIGN KEY (`original_id`)
  REFERENCES `originals` (`id`)

  [1m[36mActiveRecord::SchemaMigration Load (8.5ms)[0m  [1mSELECT `schema_migrations`.* FROM `schema_migrations`[0m
Migrating to AddReferencesToTranslation (20160513144849)
  [1m[35m (68.8ms)[0m  ALTER TABLE `translations` ADD `original_id` int(11)
  [1m[36m (26.3ms)[0m  [1mCREATE  INDEX `index_translations_on_original_id`  ON `translations` (`original_id`) [0m
  [1m[35m (37.1ms)[0m  ALTER TABLE `translations` ADD CONSTRAINT `fk_rails_1b7111fd51`
FOREIGN KEY (`original_id`)
  REFERENCES `originals` (`id`)

  [1m[36mActiveRecord::SchemaMigration Load (0.4ms)[0m  [1mSELECT `schema_migrations`.* FROM `schema_migrations`[0m
Migrating to AddReferencesToTranslation (20160513144849)
  [1m[35m (21.3ms)[0m  ALTER TABLE `translations` ADD `original_id` int(11)
  [1m[36m (11.7ms)[0m  [1mCREATE  INDEX `index_translations_on_original_id`  ON `translations` (`original_id`) [0m
  [1m[35m (39.7ms)[0m  ALTER TABLE `translations` ADD CONSTRAINT `fk_rails_1b7111fd51`
FOREIGN KEY (`original_id`)
  REFERENCES `originals` (`id`)

  [1m[36mActiveRecord::SchemaMigration Load (0.7ms)[0m  [1mSELECT `schema_migrations`.* FROM `schema_migrations`[0m
Migrating to AddReferencesToTranslation (20160513144849)
  [1m[35m (0.8ms)[0m  ALTER TABLE `translations` ADD `original_id` int(11)
  [1m[36mActiveRecord::SchemaMigration Load (0.2ms)[0m  [1mSELECT `schema_migrations`.* FROM `schema_migrations`[0m
Migrating to AddReferencesToTranslation (20160513144849)
  [1m[35m (87.5ms)[0m  ALTER TABLE `translations` ADD `original_id` int(11)
  [1m[36m (32.6ms)[0m  [1mCREATE  INDEX `index_translations_on_original_id`  ON `translations` (`original_id`) [0m
  [1m[35m (32.7ms)[0m  ALTER TABLE `translations` ADD `translated_one_id` int(11)
  [1m[36m (9.8ms)[0m  [1mCREATE  INDEX `index_translations_on_translated_one_id`  ON `translations` (`translated_one_id`) [0m
  [1m[35m (83.1ms)[0m  ALTER TABLE `translations` ADD CONSTRAINT `fk_rails_1b7111fd51`
FOREIGN KEY (`original_id`)
  REFERENCES `text_elements` (`id`)

  [1m[36m (59.7ms)[0m  [1mALTER TABLE `translations` ADD CONSTRAINT `fk_rails_9b1df9b19a`
FOREIGN KEY (`translated_one_id`)
  REFERENCES `text_elements` (`id`)
[0m
  [1m[35m (0.3ms)[0m  BEGIN
  [1m[36mSQL (1.4ms)[0m  [1mINSERT INTO `schema_migrations` (`version`) VALUES ('20160513144849')[0m
  [1m[35m (2.0ms)[0m  COMMIT
  [1m[36mActiveRecord::SchemaMigration Load (0.2ms)[0m  [1mSELECT `schema_migrations`.* FROM `schema_migrations`[0m
  [1m[35m (0.2ms)[0m  SELECT fk.referenced_table_name as 'to_table'
      ,fk.referenced_column_name as 'primary_key'
      ,fk.column_name as 'column'
      ,fk.constraint_name as 'name'
FROM information_schema.key_column_usage fk
WHERE fk.referenced_column_name is not null
  AND fk.table_schema = 'everydaywords'
  AND fk.table_name = 'context_text_translations'

  [1m[36m (0.1ms)[0m  [1mSHOW CREATE TABLE `context_text_translations`[0m
  [1m[35m (0.2ms)[0m  SELECT fk.referenced_table_name as 'to_table'
      ,fk.referenced_column_name as 'primary_key'
      ,fk.column_name as 'column'
      ,fk.constraint_name as 'name'
FROM information_schema.key_column_usage fk
WHERE fk.referenced_column_name is not null
  AND fk.table_schema = 'everydaywords'
  AND fk.table_name = 'context_texts'

  [1m[36m (0.1ms)[0m  [1mSHOW CREATE TABLE `context_texts`[0m
  [1m[35m (0.2ms)[0m  SELECT fk.referenced_table_name as 'to_table'
      ,fk.referenced_column_name as 'primary_key'
      ,fk.column_name as 'column'
      ,fk.constraint_name as 'name'
FROM information_schema.key_column_usage fk
WHERE fk.referenced_column_name is not null
  AND fk.table_schema = 'everydaywords'
  AND fk.table_name = 'language_context_texts'

  [1m[36m (0.1ms)[0m  [1mSHOW CREATE TABLE `language_context_texts`[0m
  [1m[35m (0.3ms)[0m  SELECT fk.referenced_table_name as 'to_table'
      ,fk.referenced_column_name as 'primary_key'
      ,fk.column_name as 'column'
      ,fk.constraint_name as 'name'
FROM information_schema.key_column_usage fk
WHERE fk.referenced_column_name is not null
  AND fk.table_schema = 'everydaywords'
  AND fk.table_name = 'languages'

  [1m[36m (0.1ms)[0m  [1mSHOW CREATE TABLE `languages`[0m
  [1m[35m (0.2ms)[0m  SELECT fk.referenced_table_name as 'to_table'
      ,fk.referenced_column_name as 'primary_key'
      ,fk.column_name as 'column'
      ,fk.constraint_name as 'name'
FROM information_schema.key_column_usage fk
WHERE fk.referenced_column_name is not null
  AND fk.table_schema = 'everydaywords'
  AND fk.table_name = 'languages_users'

  [1m[36m (0.1ms)[0m  [1mSHOW CREATE TABLE `languages_users`[0m
  [1m[35m (0.2ms)[0m  SELECT fk.referenced_table_name as 'to_table'
      ,fk.referenced_column_name as 'primary_key'
      ,fk.column_name as 'column'
      ,fk.constraint_name as 'name'
FROM information_schema.key_column_usage fk
WHERE fk.referenced_column_name is not null
  AND fk.table_schema = 'everydaywords'
  AND fk.table_name = 'rest_access_tokens'

  [1m[36m (0.1ms)[0m  [1mSHOW CREATE TABLE `rest_access_tokens`[0m
  [1m[35m (0.2ms)[0m  SELECT fk.referenced_table_name as 'to_table'
      ,fk.referenced_column_name as 'primary_key'
      ,fk.column_name as 'column'
      ,fk.constraint_name as 'name'
FROM information_schema.key_column_usage fk
WHERE fk.referenced_column_name is not null
  AND fk.table_schema = 'everydaywords'
  AND fk.table_name = 'text_element_context_texts'

  [1m[36m (0.2ms)[0m  [1mSHOW CREATE TABLE `text_element_context_texts`[0m
  [1m[35m (0.2ms)[0m  SELECT fk.referenced_table_name as 'to_table'
      ,fk.referenced_column_name as 'primary_key'
      ,fk.column_name as 'column'
      ,fk.constraint_name as 'name'
FROM information_schema.key_column_usage fk
WHERE fk.referenced_column_name is not null
  AND fk.table_schema = 'everydaywords'
  AND fk.table_name = 'text_elements'

  [1m[36m (0.1ms)[0m  [1mSHOW CREATE TABLE `text_elements`[0m
  [1m[35m (0.2ms)[0m  SELECT fk.referenced_table_name as 'to_table'
      ,fk.referenced_column_name as 'primary_key'
      ,fk.column_name as 'column'
      ,fk.constraint_name as 'name'
FROM information_schema.key_column_usage fk
WHERE fk.referenced_column_name is not null
  AND fk.table_schema = 'everydaywords'
  AND fk.table_name = 'translations'

  [1m[36m (0.1ms)[0m  [1mSHOW CREATE TABLE `translations`[0m
  [1m[35m (0.2ms)[0m  SELECT fk.referenced_table_name as 'to_table'
      ,fk.referenced_column_name as 'primary_key'
      ,fk.column_name as 'column'
      ,fk.constraint_name as 'name'
FROM information_schema.key_column_usage fk
WHERE fk.referenced_column_name is not null
  AND fk.table_schema = 'everydaywords'
  AND fk.table_name = 'user_translations'

  [1m[36m (0.1ms)[0m  [1mSHOW CREATE TABLE `user_translations`[0m
  [1m[35m (0.2ms)[0m  SELECT fk.referenced_table_name as 'to_table'
      ,fk.referenced_column_name as 'primary_key'
      ,fk.column_name as 'column'
      ,fk.constraint_name as 'name'
FROM information_schema.key_column_usage fk
WHERE fk.referenced_column_name is not null
  AND fk.table_schema = 'everydaywords'
  AND fk.table_name = 'users'

  [1m[36m (0.1ms)[0m  [1mSHOW CREATE TABLE `users`[0m
  [1m[36mActiveRecord::SchemaMigration Load (0.7ms)[0m  [1mSELECT `schema_migrations`.* FROM `schema_migrations`[0m
  [1m[35mActiveRecord::SchemaMigration Load (0.2ms)[0m  SELECT `schema_migrations`.* FROM `schema_migrations`
  [1m[36m (0.4ms)[0m  [1mSELECT fk.referenced_table_name as 'to_table'
      ,fk.referenced_column_name as 'primary_key'
      ,fk.column_name as 'column'
      ,fk.constraint_name as 'name'
FROM information_schema.key_column_usage fk
WHERE fk.referenced_column_name is not null
  AND fk.table_schema = 'everydaywords'
  AND fk.table_name = 'context_text_translations'
[0m
  [1m[35m (0.2ms)[0m  SHOW CREATE TABLE `context_text_translations`
  [1m[36m (0.3ms)[0m  [1mSELECT fk.referenced_table_name as 'to_table'
      ,fk.referenced_column_name as 'primary_key'
      ,fk.column_name as 'column'
      ,fk.constraint_name as 'name'
FROM information_schema.key_column_usage fk
WHERE fk.referenced_column_name is not null
  AND fk.table_schema = 'everydaywords'
  AND fk.table_name = 'context_texts'
[0m
  [1m[35m (0.2ms)[0m  SHOW CREATE TABLE `context_texts`
  [1m[36m (0.3ms)[0m  [1mSELECT fk.referenced_table_name as 'to_table'
      ,fk.referenced_column_name as 'primary_key'
      ,fk.column_name as 'column'
      ,fk.constraint_name as 'name'
FROM information_schema.key_column_usage fk
WHERE fk.referenced_column_name is not null
  AND fk.table_schema = 'everydaywords'
  AND fk.table_name = 'language_context_texts'
[0m
  [1m[35m (0.2ms)[0m  SHOW CREATE TABLE `language_context_texts`
  [1m[36m (0.3ms)[0m  [1mSELECT fk.referenced_table_name as 'to_table'
      ,fk.referenced_column_name as 'primary_key'
      ,fk.column_name as 'column'
      ,fk.constraint_name as 'name'
FROM information_schema.key_column_usage fk
WHERE fk.referenced_column_name is not null
  AND fk.table_schema = 'everydaywords'
  AND fk.table_name = 'languages'
[0m
  [1m[35m (0.2ms)[0m  SHOW CREATE TABLE `languages`
  [1m[36m (0.3ms)[0m  [1mSELECT fk.referenced_table_name as 'to_table'
      ,fk.referenced_column_name as 'primary_key'
      ,fk.column_name as 'column'
      ,fk.constraint_name as 'name'
FROM information_schema.key_column_usage fk
WHERE fk.referenced_column_name is not null
  AND fk.table_schema = 'everydaywords'
  AND fk.table_name = 'languages_users'
[0m
  [1m[35m (0.2ms)[0m  SHOW CREATE TABLE `languages_users`
  [1m[36m (0.3ms)[0m  [1mSELECT fk.referenced_table_name as 'to_table'
      ,fk.referenced_column_name as 'primary_key'
      ,fk.column_name as 'column'
      ,fk.constraint_name as 'name'
FROM information_schema.key_column_usage fk
WHERE fk.referenced_column_name is not null
  AND fk.table_schema = 'everydaywords'
  AND fk.table_name = 'rest_access_tokens'
[0m
  [1m[35m (0.2ms)[0m  SHOW CREATE TABLE `rest_access_tokens`
  [1m[36m (0.3ms)[0m  [1mSELECT fk.referenced_table_name as 'to_table'
      ,fk.referenced_column_name as 'primary_key'
      ,fk.column_name as 'column'
      ,fk.constraint_name as 'name'
FROM information_schema.key_column_usage fk
WHERE fk.referenced_column_name is not null
  AND fk.table_schema = 'everydaywords'
  AND fk.table_name = 'text_element_context_texts'
[0m
  [1m[35m (0.2ms)[0m  SHOW CREATE TABLE `text_element_context_texts`
  [1m[36m (0.3ms)[0m  [1mSELECT fk.referenced_table_name as 'to_table'
      ,fk.referenced_column_name as 'primary_key'
      ,fk.column_name as 'column'
      ,fk.constraint_name as 'name'
FROM information_schema.key_column_usage fk
WHERE fk.referenced_column_name is not null
  AND fk.table_schema = 'everydaywords'
  AND fk.table_name = 'text_elements'
[0m
  [1m[35m (0.2ms)[0m  SHOW CREATE TABLE `text_elements`
  [1m[36m (0.3ms)[0m  [1mSELECT fk.referenced_table_name as 'to_table'
      ,fk.referenced_column_name as 'primary_key'
      ,fk.column_name as 'column'
      ,fk.constraint_name as 'name'
FROM information_schema.key_column_usage fk
WHERE fk.referenced_column_name is not null
  AND fk.table_schema = 'everydaywords'
  AND fk.table_name = 'translations'
[0m
  [1m[35m (0.2ms)[0m  SHOW CREATE TABLE `translations`
  [1m[36m (0.3ms)[0m  [1mSELECT fk.referenced_table_name as 'to_table'
      ,fk.referenced_column_name as 'primary_key'
      ,fk.column_name as 'column'
      ,fk.constraint_name as 'name'
FROM information_schema.key_column_usage fk
WHERE fk.referenced_column_name is not null
  AND fk.table_schema = 'everydaywords'
  AND fk.table_name = 'user_translations'
[0m
  [1m[35m (0.2ms)[0m  SHOW CREATE TABLE `user_translations`
  [1m[36m (0.3ms)[0m  [1mSELECT fk.referenced_table_name as 'to_table'
      ,fk.referenced_column_name as 'primary_key'
      ,fk.column_name as 'column'
      ,fk.constraint_name as 'name'
FROM information_schema.key_column_usage fk
WHERE fk.referenced_column_name is not null
  AND fk.table_schema = 'everydaywords'
  AND fk.table_name = 'users'
[0m
  [1m[35m (0.2ms)[0m  SHOW CREATE TABLE `users`


Started GET "/benchmarks/simple" for 127.0.0.1 at 2016-05-13 19:39:51 +0300
  [1m[36mActiveRecord::SchemaMigration Load (0.6ms)[0m  [1mSELECT `schema_migrations`.* FROM `schema_migrations`[0m

ActionController::RoutingError (uninitialized constant ActionController::API):
  app/controllers/application_controller.rb:1:in `<top (required)>'
  app/controllers/benchmarks_controller.rb:1:in `<top (required)>'


  Rendered /home/juli/.rbenv/versions/2.3.0/lib/ruby/gems/2.3.0/gems/actionpack-4.2.6/lib/action_dispatch/middleware/templates/rescues/_trace.html.erb (1.5ms)
  Rendered /home/juli/.rbenv/versions/2.3.0/lib/ruby/gems/2.3.0/gems/actionpack-4.2.6/lib/action_dispatch/middleware/templates/routes/_route.html.erb (0.5ms)
  Rendered /home/juli/.rbenv/versions/2.3.0/lib/ruby/gems/2.3.0/gems/actionpack-4.2.6/lib/action_dispatch/middleware/templates/routes/_table.html.erb (5.9ms)
  Rendered /home/juli/.rbenv/versions/2.3.0/lib/ruby/gems/2.3.0/gems/actionpack-4.2.6/lib/action_dispatch/middleware/templates/rescues/_request_and_response.html.erb (8.2ms)
  Rendered /home/juli/.rbenv/versions/2.3.0/lib/ruby/gems/2.3.0/gems/actionpack-4.2.6/lib/action_dispatch/middleware/templates/rescues/routing_error.html.erb within rescues/layout (36.8ms)
  Rendered /home/juli/.rbenv/versions/2.3.0/lib/ruby/gems/2.3.0/gems/web-console-2.3.0/lib/web_console/templates/_markup.html.erb (0.3ms)
  Rendered /home/juli/.rbenv/versions/2.3.0/lib/ruby/gems/2.3.0/gems/web-console-2.3.0/lib/web_console/templates/_inner_console_markup.html.erb within layouts/inlined_string (0.2ms)
  Rendered /home/juli/.rbenv/versions/2.3.0/lib/ruby/gems/2.3.0/gems/web-console-2.3.0/lib/web_console/templates/_prompt_box_markup.html.erb within layouts/inlined_string (0.2ms)
  Rendered /home/juli/.rbenv/versions/2.3.0/lib/ruby/gems/2.3.0/gems/web-console-2.3.0/lib/web_console/templates/style.css.erb within layouts/inlined_string (0.3ms)
  Rendered /home/juli/.rbenv/versions/2.3.0/lib/ruby/gems/2.3.0/gems/web-console-2.3.0/lib/web_console/templates/console.js.erb within layouts/javascript (20.0ms)
  Rendered /home/juli/.rbenv/versions/2.3.0/lib/ruby/gems/2.3.0/gems/web-console-2.3.0/lib/web_console/templates/main.js.erb within layouts/javascript (0.2ms)
  Rendered /home/juli/.rbenv/versions/2.3.0/lib/ruby/gems/2.3.0/gems/web-console-2.3.0/lib/web_console/templates/error_page.js.erb within layouts/javascript (0.3ms)
  Rendered /home/juli/.rbenv/versions/2.3.0/lib/ruby/gems/2.3.0/gems/web-console-2.3.0/lib/web_console/templates/index.html.erb (36.9ms)


Started GET "/benchmarks/simple" for 127.0.0.1 at 2016-05-13 19:42:11 +0300

ActionController::RoutingError (uninitialized constant ActionController::API):
  app/controllers/application_controller.rb:1:in `<top (required)>'
  app/controllers/benchmarks_controller.rb:1:in `<top (required)>'


  Rendered /home/juli/.rbenv/versions/2.3.0/lib/ruby/gems/2.3.0/gems/actionpack-4.2.6/lib/action_dispatch/middleware/templates/rescues/_trace.html.erb (1.3ms)
  Rendered /home/juli/.rbenv/versions/2.3.0/lib/ruby/gems/2.3.0/gems/actionpack-4.2.6/lib/action_dispatch/middleware/templates/routes/_route.html.erb (0.5ms)
  Rendered /home/juli/.rbenv/versions/2.3.0/lib/ruby/gems/2.3.0/gems/actionpack-4.2.6/lib/action_dispatch/middleware/templates/routes/_table.html.erb (1.0ms)
  Rendered /home/juli/.rbenv/versions/2.3.0/lib/ruby/gems/2.3.0/gems/actionpack-4.2.6/lib/action_dispatch/middleware/templates/rescues/_request_and_response.html.erb (0.9ms)
  Rendered /home/juli/.rbenv/versions/2.3.0/lib/ruby/gems/2.3.0/gems/actionpack-4.2.6/lib/action_dispatch/middleware/templates/rescues/routing_error.html.erb within rescues/layout (19.4ms)
  Rendered /home/juli/.rbenv/versions/2.3.0/lib/ruby/gems/2.3.0/gems/web-console-2.3.0/lib/web_console/templates/_markup.html.erb (0.3ms)
  Rendered /home/juli/.rbenv/versions/2.3.0/lib/ruby/gems/2.3.0/gems/web-console-2.3.0/lib/web_console/templates/_inner_console_markup.html.erb within layouts/inlined_string (0.2ms)
  Rendered /home/juli/.rbenv/versions/2.3.0/lib/ruby/gems/2.3.0/gems/web-console-2.3.0/lib/web_console/templates/_prompt_box_markup.html.erb within layouts/inlined_string (0.3ms)
  Rendered /home/juli/.rbenv/versions/2.3.0/lib/ruby/gems/2.3.0/gems/web-console-2.3.0/lib/web_console/templates/style.css.erb within layouts/inlined_string (0.2ms)
  Rendered /home/juli/.rbenv/versions/2.3.0/lib/ruby/gems/2.3.0/gems/web-console-2.3.0/lib/web_console/templates/console.js.erb within layouts/javascript (14.5ms)
  Rendered /home/juli/.rbenv/versions/2.3.0/lib/ruby/gems/2.3.0/gems/web-console-2.3.0/lib/web_console/templates/main.js.erb within layouts/javascript (0.2ms)
  Rendered /home/juli/.rbenv/versions/2.3.0/lib/ruby/gems/2.3.0/gems/web-console-2.3.0/lib/web_console/templates/error_page.js.erb within layouts/javascript (0.3ms)
  Rendered /home/juli/.rbenv/versions/2.3.0/lib/ruby/gems/2.3.0/gems/web-console-2.3.0/lib/web_console/templates/index.html.erb (28.6ms)


Started GET "/benchmarks/simple" for 127.0.0.1 at 2016-05-13 19:43:13 +0300
  [1m[36mActiveRecord::SchemaMigration Load (0.8ms)[0m  [1mSELECT `schema_migrations`.* FROM `schema_migrations`[0m
Processing by BenchmarksController#simple as */*
Completed 200 OK in 0ms (Views: 0.2ms | ActiveRecord: 0.0ms)


Started GET "/benchmarks/simple" for 127.0.0.1 at 2016-05-13 19:43:52 +0300


Started GET "/benchmarks/simple" for 127.0.0.1 at 2016-05-13 19:45:06 +0300
  [1m[36mActiveRecord::SchemaMigration Load (0.4ms)[0m  [1mSELECT `schema_migrations`.* FROM `schema_migrations`[0m


Started GET "/api/language/list" for 127.0.0.1 at 2016-05-13 20:16:15 +0300
  [1m[36mActiveRecord::SchemaMigration Load (5.3ms)[0m  [1mSELECT `schema_migrations`.* FROM `schema_migrations`[0m

ActionController::RoutingError (uninitialized constant Api):
  activesupport (4.2.6) lib/active_support/inflector/methods.rb:261:in `const_get'
  activesupport (4.2.6) lib/active_support/inflector/methods.rb:261:in `block in constantize'
  activesupport (4.2.6) lib/active_support/inflector/methods.rb:259:in `each'
  activesupport (4.2.6) lib/active_support/inflector/methods.rb:259:in `inject'
  activesupport (4.2.6) lib/active_support/inflector/methods.rb:259:in `constantize'
  actionpack (4.2.6) lib/action_dispatch/routing/route_set.rb:70:in `controller_reference'
  actionpack (4.2.6) lib/action_dispatch/routing/route_set.rb:60:in `controller'
  actionpack (4.2.6) lib/action_dispatch/routing/route_set.rb:39:in `serve'
  actionpack (4.2.6) lib/action_dispatch/journey/router.rb:43:in `block in serve'
  actionpack (4.2.6) lib/action_dispatch/journey/router.rb:30:in `each'
  actionpack (4.2.6) lib/action_dispatch/journey/router.rb:30:in `serve'
  actionpack (4.2.6) lib/action_dispatch/routing/route_set.rb:817:in `call'
  rack (1.6.4) lib/rack/etag.rb:24:in `call'
  rack (1.6.4) lib/rack/conditionalget.rb:25:in `call'
  rack (1.6.4) lib/rack/head.rb:13:in `call'
  actionpack (4.2.6) lib/action_dispatch/middleware/params_parser.rb:27:in `call'
  activerecord (4.2.6) lib/active_record/query_cache.rb:36:in `call'
  activerecord (4.2.6) lib/active_record/connection_adapters/abstract/connection_pool.rb:653:in `call'
  activerecord (4.2.6) lib/active_record/migration.rb:377:in `call'
  actionpack (4.2.6) lib/action_dispatch/middleware/callbacks.rb:29:in `block in call'
  activesupport (4.2.6) lib/active_support/callbacks.rb:88:in `__run_callbacks__'
  activesupport (4.2.6) lib/active_support/callbacks.rb:778:in `_run_call_callbacks'
  activesupport (4.2.6) lib/active_support/callbacks.rb:81:in `run_callbacks'
  actionpack (4.2.6) lib/action_dispatch/middleware/callbacks.rb:27:in `call'
  actionpack (4.2.6) lib/action_dispatch/middleware/reloader.rb:73:in `call'
  actionpack (4.2.6) lib/action_dispatch/middleware/remote_ip.rb:78:in `call'
  actionpack (4.2.6) lib/action_dispatch/middleware/debug_exceptions.rb:17:in `call'
  web-console (2.3.0) lib/web_console/middleware.rb:28:in `block in call'
  web-console (2.3.0) lib/web_console/middleware.rb:18:in `catch'
  web-console (2.3.0) lib/web_console/middleware.rb:18:in `call'
  actionpack (4.2.6) lib/action_dispatch/middleware/show_exceptions.rb:30:in `call'
  railties (4.2.6) lib/rails/rack/logger.rb:38:in `call_app'
  railties (4.2.6) lib/rails/rack/logger.rb:20:in `block in call'
  activesupport (4.2.6) lib/active_support/tagged_logging.rb:68:in `block in tagged'
  activesupport (4.2.6) lib/active_support/tagged_logging.rb:26:in `tagged'
  activesupport (4.2.6) lib/active_support/tagged_logging.rb:68:in `tagged'
  railties (4.2.6) lib/rails/rack/logger.rb:20:in `call'
  actionpack (4.2.6) lib/action_dispatch/middleware/request_id.rb:21:in `call'
  rack (1.6.4) lib/rack/runtime.rb:18:in `call'
  activesupport (4.2.6) lib/active_support/cache/strategy/local_cache_middleware.rb:28:in `call'
  rack (1.6.4) lib/rack/lock.rb:17:in `call'
  actionpack (4.2.6) lib/action_dispatch/middleware/static.rb:120:in `call'
  railties (4.2.6) lib/rails/engine.rb:518:in `call'
  railties (4.2.6) lib/rails/application.rb:165:in `call'
  rack (1.6.4) lib/rack/lock.rb:17:in `call'
  rack (1.6.4) lib/rack/content_length.rb:15:in `call'
  rack (1.6.4) lib/rack/handler/webrick.rb:88:in `service'
  /home/juli/.rbenv/versions/2.3.0/lib/ruby/2.3.0/webrick/httpserver.rb:140:in `service'
  /home/juli/.rbenv/versions/2.3.0/lib/ruby/2.3.0/webrick/httpserver.rb:96:in `run'
  /home/juli/.rbenv/versions/2.3.0/lib/ruby/2.3.0/webrick/server.rb:296:in `block in start_thread'


  Rendered /home/juli/.rbenv/versions/2.3.0/lib/ruby/gems/2.3.0/gems/actionpack-4.2.6/lib/action_dispatch/middleware/templates/rescues/_trace.html.erb (1.3ms)
  Rendered /home/juli/.rbenv/versions/2.3.0/lib/ruby/gems/2.3.0/gems/actionpack-4.2.6/lib/action_dispatch/middleware/templates/routes/_route.html.erb (1.2ms)
  Rendered /home/juli/.rbenv/versions/2.3.0/lib/ruby/gems/2.3.0/gems/actionpack-4.2.6/lib/action_dispatch/middleware/templates/routes/_table.html.erb (5.5ms)
  Rendered /home/juli/.rbenv/versions/2.3.0/lib/ruby/gems/2.3.0/gems/actionpack-4.2.6/lib/action_dispatch/middleware/templates/rescues/_request_and_response.html.erb (4.8ms)
  Rendered /home/juli/.rbenv/versions/2.3.0/lib/ruby/gems/2.3.0/gems/actionpack-4.2.6/lib/action_dispatch/middleware/templates/rescues/routing_error.html.erb within rescues/layout (40.5ms)
  Rendered /home/juli/.rbenv/versions/2.3.0/lib/ruby/gems/2.3.0/gems/web-console-2.3.0/lib/web_console/templates/_markup.html.erb (0.4ms)
  Rendered /home/juli/.rbenv/versions/2.3.0/lib/ruby/gems/2.3.0/gems/web-console-2.3.0/lib/web_console/templates/_inner_console_markup.html.erb within layouts/inlined_string (0.2ms)
  Rendered /home/juli/.rbenv/versions/2.3.0/lib/ruby/gems/2.3.0/gems/web-console-2.3.0/lib/web_console/templates/_prompt_box_markup.html.erb within layouts/inlined_string (0.3ms)
  Rendered /home/juli/.rbenv/versions/2.3.0/lib/ruby/gems/2.3.0/gems/web-console-2.3.0/lib/web_console/templates/style.css.erb within layouts/inlined_string (0.2ms)
  Rendered /home/juli/.rbenv/versions/2.3.0/lib/ruby/gems/2.3.0/gems/web-console-2.3.0/lib/web_console/templates/console.js.erb within layouts/javascript (19.2ms)
  Rendered /home/juli/.rbenv/versions/2.3.0/lib/ruby/gems/2.3.0/gems/web-console-2.3.0/lib/web_console/templates/main.js.erb within layouts/javascript (0.2ms)
  Rendered /home/juli/.rbenv/versions/2.3.0/lib/ruby/gems/2.3.0/gems/web-console-2.3.0/lib/web_console/templates/error_page.js.erb within layouts/javascript (0.3ms)
  Rendered /home/juli/.rbenv/versions/2.3.0/lib/ruby/gems/2.3.0/gems/web-console-2.3.0/lib/web_console/templates/index.html.erb (35.8ms)


Started GET "/api/language/list" for 127.0.0.1 at 2016-05-13 20:16:46 +0300
  [1m[36mActiveRecord::SchemaMigration Load (0.8ms)[0m  [1mSELECT `schema_migrations`.* FROM `schema_migrations`[0m

ActionController::RoutingError (No route matches [GET] "/api/language/list"):
  actionpack (4.2.6) lib/action_dispatch/middleware/debug_exceptions.rb:21:in `call'
  web-console (2.3.0) lib/web_console/middleware.rb:28:in `block in call'
  web-console (2.3.0) lib/web_console/middleware.rb:18:in `catch'
  web-console (2.3.0) lib/web_console/middleware.rb:18:in `call'
  actionpack (4.2.6) lib/action_dispatch/middleware/show_exceptions.rb:30:in `call'
  railties (4.2.6) lib/rails/rack/logger.rb:38:in `call_app'
  railties (4.2.6) lib/rails/rack/logger.rb:20:in `block in call'
  activesupport (4.2.6) lib/active_support/tagged_logging.rb:68:in `block in tagged'
  activesupport (4.2.6) lib/active_support/tagged_logging.rb:26:in `tagged'
  activesupport (4.2.6) lib/active_support/tagged_logging.rb:68:in `tagged'
  railties (4.2.6) lib/rails/rack/logger.rb:20:in `call'
  actionpack (4.2.6) lib/action_dispatch/middleware/request_id.rb:21:in `call'
  rack (1.6.4) lib/rack/runtime.rb:18:in `call'
  activesupport (4.2.6) lib/active_support/cache/strategy/local_cache_middleware.rb:28:in `call'
  rack (1.6.4) lib/rack/lock.rb:17:in `call'
  actionpack (4.2.6) lib/action_dispatch/middleware/static.rb:120:in `call'
  railties (4.2.6) lib/rails/engine.rb:518:in `call'
  railties (4.2.6) lib/rails/application.rb:165:in `call'
  rack (1.6.4) lib/rack/lock.rb:17:in `call'
  rack (1.6.4) lib/rack/content_length.rb:15:in `call'
  rack (1.6.4) lib/rack/handler/webrick.rb:88:in `service'
  /home/juli/.rbenv/versions/2.3.0/lib/ruby/2.3.0/webrick/httpserver.rb:140:in `service'
  /home/juli/.rbenv/versions/2.3.0/lib/ruby/2.3.0/webrick/httpserver.rb:96:in `run'
  /home/juli/.rbenv/versions/2.3.0/lib/ruby/2.3.0/webrick/server.rb:296:in `block in start_thread'


  Rendered /home/juli/.rbenv/versions/2.3.0/lib/ruby/gems/2.3.0/gems/actionpack-4.2.6/lib/action_dispatch/middleware/templates/rescues/_trace.html.erb (0.9ms)
  Rendered /home/juli/.rbenv/versions/2.3.0/lib/ruby/gems/2.3.0/gems/actionpack-4.2.6/lib/action_dispatch/middleware/templates/routes/_route.html.erb (0.8ms)
  Rendered /home/juli/.rbenv/versions/2.3.0/lib/ruby/gems/2.3.0/gems/actionpack-4.2.6/lib/action_dispatch/middleware/templates/routes/_table.html.erb (4.6ms)
  Rendered /home/juli/.rbenv/versions/2.3.0/lib/ruby/gems/2.3.0/gems/actionpack-4.2.6/lib/action_dispatch/middleware/templates/rescues/_request_and_response.html.erb (0.8ms)
  Rendered /home/juli/.rbenv/versions/2.3.0/lib/ruby/gems/2.3.0/gems/actionpack-4.2.6/lib/action_dispatch/middleware/templates/rescues/routing_error.html.erb within rescues/layout (26.1ms)
  Rendered /home/juli/.rbenv/versions/2.3.0/lib/ruby/gems/2.3.0/gems/web-console-2.3.0/lib/web_console/templates/_markup.html.erb (0.3ms)
  Rendered /home/juli/.rbenv/versions/2.3.0/lib/ruby/gems/2.3.0/gems/web-console-2.3.0/lib/web_console/templates/_inner_console_markup.html.erb within layouts/inlined_string (0.3ms)
  Rendered /home/juli/.rbenv/versions/2.3.0/lib/ruby/gems/2.3.0/gems/web-console-2.3.0/lib/web_console/templates/_prompt_box_markup.html.erb within layouts/inlined_string (0.2ms)
  Rendered /home/juli/.rbenv/versions/2.3.0/lib/ruby/gems/2.3.0/gems/web-console-2.3.0/lib/web_console/templates/style.css.erb within layouts/inlined_string (0.2ms)
  Rendered /home/juli/.rbenv/versions/2.3.0/lib/ruby/gems/2.3.0/gems/web-console-2.3.0/lib/web_console/templates/console.js.erb within layouts/javascript (17.0ms)
  Rendered /home/juli/.rbenv/versions/2.3.0/lib/ruby/gems/2.3.0/gems/web-console-2.3.0/lib/web_console/templates/main.js.erb within layouts/javascript (0.2ms)
  Rendered /home/juli/.rbenv/versions/2.3.0/lib/ruby/gems/2.3.0/gems/web-console-2.3.0/lib/web_console/templates/error_page.js.erb within layouts/javascript (0.3ms)
  Rendered /home/juli/.rbenv/versions/2.3.0/lib/ruby/gems/2.3.0/gems/web-console-2.3.0/lib/web_console/templates/index.html.erb (31.8ms)


Started GET "/api/language/list" for 127.0.0.1 at 2016-05-13 20:18:00 +0300
  [1m[36mActiveRecord::SchemaMigration Load (0.6ms)[0m  [1mSELECT `schema_migrations`.* FROM `schema_migrations`[0m

ActionController::RoutingError (No route matches [GET] "/api/language/list"):
  actionpack (4.2.6) lib/action_dispatch/middleware/debug_exceptions.rb:21:in `call'
  web-console (2.3.0) lib/web_console/middleware.rb:28:in `block in call'
  web-console (2.3.0) lib/web_console/middleware.rb:18:in `catch'
  web-console (2.3.0) lib/web_console/middleware.rb:18:in `call'
  actionpack (4.2.6) lib/action_dispatch/middleware/show_exceptions.rb:30:in `call'
  railties (4.2.6) lib/rails/rack/logger.rb:38:in `call_app'
  railties (4.2.6) lib/rails/rack/logger.rb:20:in `block in call'
  activesupport (4.2.6) lib/active_support/tagged_logging.rb:68:in `block in tagged'
  activesupport (4.2.6) lib/active_support/tagged_logging.rb:26:in `tagged'
  activesupport (4.2.6) lib/active_support/tagged_logging.rb:68:in `tagged'
  railties (4.2.6) lib/rails/rack/logger.rb:20:in `call'
  actionpack (4.2.6) lib/action_dispatch/middleware/request_id.rb:21:in `call'
  rack (1.6.4) lib/rack/runtime.rb:18:in `call'
  activesupport (4.2.6) lib/active_support/cache/strategy/local_cache_middleware.rb:28:in `call'
  rack (1.6.4) lib/rack/lock.rb:17:in `call'
  actionpack (4.2.6) lib/action_dispatch/middleware/static.rb:120:in `call'
  railties (4.2.6) lib/rails/engine.rb:518:in `call'
  railties (4.2.6) lib/rails/application.rb:165:in `call'
  rack (1.6.4) lib/rack/lock.rb:17:in `call'
  rack (1.6.4) lib/rack/content_length.rb:15:in `call'
  rack (1.6.4) lib/rack/handler/webrick.rb:88:in `service'
  /home/juli/.rbenv/versions/2.3.0/lib/ruby/2.3.0/webrick/httpserver.rb:140:in `service'
  /home/juli/.rbenv/versions/2.3.0/lib/ruby/2.3.0/webrick/httpserver.rb:96:in `run'
  /home/juli/.rbenv/versions/2.3.0/lib/ruby/2.3.0/webrick/server.rb:296:in `block in start_thread'


  Rendered /home/juli/.rbenv/versions/2.3.0/lib/ruby/gems/2.3.0/gems/actionpack-4.2.6/lib/action_dispatch/middleware/templates/rescues/_trace.html.erb (1.1ms)
  Rendered /home/juli/.rbenv/versions/2.3.0/lib/ruby/gems/2.3.0/gems/actionpack-4.2.6/lib/action_dispatch/middleware/templates/routes/_route.html.erb (0.5ms)
  Rendered /home/juli/.rbenv/versions/2.3.0/lib/ruby/gems/2.3.0/gems/actionpack-4.2.6/lib/action_dispatch/middleware/templates/routes/_table.html.erb (5.4ms)
  Rendered /home/juli/.rbenv/versions/2.3.0/lib/ruby/gems/2.3.0/gems/actionpack-4.2.6/lib/action_dispatch/middleware/templates/rescues/_request_and_response.html.erb (0.7ms)
  Rendered /home/juli/.rbenv/versions/2.3.0/lib/ruby/gems/2.3.0/gems/actionpack-4.2.6/lib/action_dispatch/middleware/templates/rescues/routing_error.html.erb within rescues/layout (27.6ms)
  Rendered /home/juli/.rbenv/versions/2.3.0/lib/ruby/gems/2.3.0/gems/web-console-2.3.0/lib/web_console/templates/_markup.html.erb (0.3ms)
  Rendered /home/juli/.rbenv/versions/2.3.0/lib/ruby/gems/2.3.0/gems/web-console-2.3.0/lib/web_console/templates/_inner_console_markup.html.erb within layouts/inlined_string (0.3ms)
  Rendered /home/juli/.rbenv/versions/2.3.0/lib/ruby/gems/2.3.0/gems/web-console-2.3.0/lib/web_console/templates/_prompt_box_markup.html.erb within layouts/inlined_string (0.2ms)
  Rendered /home/juli/.rbenv/versions/2.3.0/lib/ruby/gems/2.3.0/gems/web-console-2.3.0/lib/web_console/templates/style.css.erb within layouts/inlined_string (0.2ms)
  Rendered /home/juli/.rbenv/versions/2.3.0/lib/ruby/gems/2.3.0/gems/web-console-2.3.0/lib/web_console/templates/console.js.erb within layouts/javascript (19.5ms)
  Rendered /home/juli/.rbenv/versions/2.3.0/lib/ruby/gems/2.3.0/gems/web-console-2.3.0/lib/web_console/templates/main.js.erb within layouts/javascript (0.2ms)
  Rendered /home/juli/.rbenv/versions/2.3.0/lib/ruby/gems/2.3.0/gems/web-console-2.3.0/lib/web_console/templates/error_page.js.erb within layouts/javascript (0.4ms)
  Rendered /home/juli/.rbenv/versions/2.3.0/lib/ruby/gems/2.3.0/gems/web-console-2.3.0/lib/web_console/templates/index.html.erb (35.9ms)


Started GET "/language/list" for 127.0.0.1 at 2016-05-13 20:18:16 +0300
  [1m[35mLanguage Load (1.5ms)[0m  SELECT `languages`.* FROM `languages`


Started GET "/language/list" for 127.0.0.1 at 2016-05-13 20:18:31 +0300

ActionController::RoutingError (No route matches [GET] "/language/list"):
  actionpack (4.2.6) lib/action_dispatch/middleware/debug_exceptions.rb:21:in `call'
  web-console (2.3.0) lib/web_console/middleware.rb:28:in `block in call'
  web-console (2.3.0) lib/web_console/middleware.rb:18:in `catch'
  web-console (2.3.0) lib/web_console/middleware.rb:18:in `call'
  actionpack (4.2.6) lib/action_dispatch/middleware/show_exceptions.rb:30:in `call'
  railties (4.2.6) lib/rails/rack/logger.rb:38:in `call_app'
  railties (4.2.6) lib/rails/rack/logger.rb:20:in `block in call'
  activesupport (4.2.6) lib/active_support/tagged_logging.rb:68:in `block in tagged'
  activesupport (4.2.6) lib/active_support/tagged_logging.rb:26:in `tagged'
  activesupport (4.2.6) lib/active_support/tagged_logging.rb:68:in `tagged'
  railties (4.2.6) lib/rails/rack/logger.rb:20:in `call'
  actionpack (4.2.6) lib/action_dispatch/middleware/request_id.rb:21:in `call'
  rack (1.6.4) lib/rack/runtime.rb:18:in `call'
  activesupport (4.2.6) lib/active_support/cache/strategy/local_cache_middleware.rb:28:in `call'
  rack (1.6.4) lib/rack/lock.rb:17:in `call'
  actionpack (4.2.6) lib/action_dispatch/middleware/static.rb:120:in `call'
  railties (4.2.6) lib/rails/engine.rb:518:in `call'
  railties (4.2.6) lib/rails/application.rb:165:in `call'
  rack (1.6.4) lib/rack/lock.rb:17:in `call'
  rack (1.6.4) lib/rack/content_length.rb:15:in `call'
  rack (1.6.4) lib/rack/handler/webrick.rb:88:in `service'
  /home/juli/.rbenv/versions/2.3.0/lib/ruby/2.3.0/webrick/httpserver.rb:140:in `service'
  /home/juli/.rbenv/versions/2.3.0/lib/ruby/2.3.0/webrick/httpserver.rb:96:in `run'
  /home/juli/.rbenv/versions/2.3.0/lib/ruby/2.3.0/webrick/server.rb:296:in `block in start_thread'


  Rendered /home/juli/.rbenv/versions/2.3.0/lib/ruby/gems/2.3.0/gems/actionpack-4.2.6/lib/action_dispatch/middleware/templates/rescues/_trace.html.erb (1.2ms)
  Rendered /home/juli/.rbenv/versions/2.3.0/lib/ruby/gems/2.3.0/gems/actionpack-4.2.6/lib/action_dispatch/middleware/templates/routes/_route.html.erb (0.7ms)
  Rendered /home/juli/.rbenv/versions/2.3.0/lib/ruby/gems/2.3.0/gems/actionpack-4.2.6/lib/action_dispatch/middleware/templates/routes/_table.html.erb (1.2ms)
  Rendered /home/juli/.rbenv/versions/2.3.0/lib/ruby/gems/2.3.0/gems/actionpack-4.2.6/lib/action_dispatch/middleware/templates/rescues/_request_and_response.html.erb (0.9ms)
  Rendered /home/juli/.rbenv/versions/2.3.0/lib/ruby/gems/2.3.0/gems/actionpack-4.2.6/lib/action_dispatch/middleware/templates/rescues/routing_error.html.erb within rescues/layout (22.3ms)
  Rendered /home/juli/.rbenv/versions/2.3.0/lib/ruby/gems/2.3.0/gems/web-console-2.3.0/lib/web_console/templates/_markup.html.erb (0.4ms)
  Rendered /home/juli/.rbenv/versions/2.3.0/lib/ruby/gems/2.3.0/gems/web-console-2.3.0/lib/web_console/templates/_inner_console_markup.html.erb within layouts/inlined_string (0.3ms)
  Rendered /home/juli/.rbenv/versions/2.3.0/lib/ruby/gems/2.3.0/gems/web-console-2.3.0/lib/web_console/templates/_prompt_box_markup.html.erb within layouts/inlined_string (0.3ms)
  Rendered /home/juli/.rbenv/versions/2.3.0/lib/ruby/gems/2.3.0/gems/web-console-2.3.0/lib/web_console/templates/style.css.erb within layouts/inlined_string (0.3ms)
  Rendered /home/juli/.rbenv/versions/2.3.0/lib/ruby/gems/2.3.0/gems/web-console-2.3.0/lib/web_console/templates/console.js.erb within layouts/javascript (17.5ms)
  Rendered /home/juli/.rbenv/versions/2.3.0/lib/ruby/gems/2.3.0/gems/web-console-2.3.0/lib/web_console/templates/main.js.erb within layouts/javascript (0.4ms)
  Rendered /home/juli/.rbenv/versions/2.3.0/lib/ruby/gems/2.3.0/gems/web-console-2.3.0/lib/web_console/templates/error_page.js.erb within layouts/javascript (0.4ms)
  Rendered /home/juli/.rbenv/versions/2.3.0/lib/ruby/gems/2.3.0/gems/web-console-2.3.0/lib/web_console/templates/index.html.erb (35.1ms)


Started GET "/api/language/list" for 127.0.0.1 at 2016-05-13 20:18:38 +0300
  [1m[36mLanguage Load (0.3ms)[0m  [1mSELECT `languages`.* FROM `languages`[0m


Started GET "/api/language/1" for 127.0.0.1 at 2016-05-13 20:21:48 +0300
  [1m[35mLanguage Load (5.8ms)[0m  SELECT  `languages`.* FROM `languages` WHERE `languages`.`id` = 1 LIMIT 1

ActiveRecord::RecordNotFound (Couldn't find Language with 'id'=1):
  app/controllers/language_controller.rb:9:in `show'


  Rendered /home/juli/.rbenv/versions/2.3.0/lib/ruby/gems/2.3.0/gems/actionpack-4.2.6/lib/action_dispatch/middleware/templates/rescues/_source.erb (2.6ms)
  Rendered /home/juli/.rbenv/versions/2.3.0/lib/ruby/gems/2.3.0/gems/actionpack-4.2.6/lib/action_dispatch/middleware/templates/rescues/_trace.html.erb (1.5ms)
  Rendered /home/juli/.rbenv/versions/2.3.0/lib/ruby/gems/2.3.0/gems/actionpack-4.2.6/lib/action_dispatch/middleware/templates/rescues/_request_and_response.html.erb (0.7ms)
  Rendered /home/juli/.rbenv/versions/2.3.0/lib/ruby/gems/2.3.0/gems/actionpack-4.2.6/lib/action_dispatch/middleware/templates/rescues/diagnostics.html.erb within rescues/layout (19.2ms)
  Rendered /home/juli/.rbenv/versions/2.3.0/lib/ruby/gems/2.3.0/gems/web-console-2.3.0/lib/web_console/templates/_markup.html.erb (0.3ms)
  Rendered /home/juli/.rbenv/versions/2.3.0/lib/ruby/gems/2.3.0/gems/web-console-2.3.0/lib/web_console/templates/_inner_console_markup.html.erb within layouts/inlined_string (0.2ms)
  Rendered /home/juli/.rbenv/versions/2.3.0/lib/ruby/gems/2.3.0/gems/web-console-2.3.0/lib/web_console/templates/_prompt_box_markup.html.erb within layouts/inlined_string (0.3ms)
  Rendered /home/juli/.rbenv/versions/2.3.0/lib/ruby/gems/2.3.0/gems/web-console-2.3.0/lib/web_console/templates/style.css.erb within layouts/inlined_string (0.2ms)
  Rendered /home/juli/.rbenv/versions/2.3.0/lib/ruby/gems/2.3.0/gems/web-console-2.3.0/lib/web_console/templates/console.js.erb within layouts/javascript (16.2ms)
  Rendered /home/juli/.rbenv/versions/2.3.0/lib/ruby/gems/2.3.0/gems/web-console-2.3.0/lib/web_console/templates/main.js.erb within layouts/javascript (0.2ms)
  Rendered /home/juli/.rbenv/versions/2.3.0/lib/ruby/gems/2.3.0/gems/web-console-2.3.0/lib/web_console/templates/error_page.js.erb within layouts/javascript (0.3ms)
  Rendered /home/juli/.rbenv/versions/2.3.0/lib/ruby/gems/2.3.0/gems/web-console-2.3.0/lib/web_console/templates/index.html.erb (32.4ms)


Started GET "/api/language/1" for 127.0.0.1 at 2016-05-13 20:26:31 +0300
  [1m[36mActiveRecord::SchemaMigration Load (2.2ms)[0m  [1mSELECT `schema_migrations`.* FROM `schema_migrations`[0m
  [1m[35mLanguage Load (0.6ms)[0m  SELECT  `languages`.* FROM `languages` WHERE `languages`.`id` = 1 LIMIT 1

ActiveRecord::RecordNotFound (Couldn't find Language with 'id'=1):
  app/controllers/language_controller.rb:9:in `show'


  Rendered /home/juli/.rbenv/versions/2.3.0/lib/ruby/gems/2.3.0/gems/actionpack-4.2.6/lib/action_dispatch/middleware/templates/rescues/_source.erb (3.0ms)
  Rendered /home/juli/.rbenv/versions/2.3.0/lib/ruby/gems/2.3.0/gems/actionpack-4.2.6/lib/action_dispatch/middleware/templates/rescues/_trace.html.erb (1.5ms)
  Rendered /home/juli/.rbenv/versions/2.3.0/lib/ruby/gems/2.3.0/gems/actionpack-4.2.6/lib/action_dispatch/middleware/templates/rescues/_request_and_response.html.erb (0.8ms)
  Rendered /home/juli/.rbenv/versions/2.3.0/lib/ruby/gems/2.3.0/gems/actionpack-4.2.6/lib/action_dispatch/middleware/templates/rescues/diagnostics.html.erb within rescues/layout (22.2ms)
  Rendered /home/juli/.rbenv/versions/2.3.0/lib/ruby/gems/2.3.0/gems/web-console-2.3.0/lib/web_console/templates/_markup.html.erb (0.7ms)
  Rendered /home/juli/.rbenv/versions/2.3.0/lib/ruby/gems/2.3.0/gems/web-console-2.3.0/lib/web_console/templates/_inner_console_markup.html.erb within layouts/inlined_string (0.3ms)
  Rendered /home/juli/.rbenv/versions/2.3.0/lib/ruby/gems/2.3.0/gems/web-console-2.3.0/lib/web_console/templates/_prompt_box_markup.html.erb within layouts/inlined_string (0.2ms)
  Rendered /home/juli/.rbenv/versions/2.3.0/lib/ruby/gems/2.3.0/gems/web-console-2.3.0/lib/web_console/templates/style.css.erb within layouts/inlined_string (0.3ms)
  Rendered /home/juli/.rbenv/versions/2.3.0/lib/ruby/gems/2.3.0/gems/web-console-2.3.0/lib/web_console/templates/console.js.erb within layouts/javascript (22.2ms)
  Rendered /home/juli/.rbenv/versions/2.3.0/lib/ruby/gems/2.3.0/gems/web-console-2.3.0/lib/web_console/templates/main.js.erb within layouts/javascript (0.3ms)
  Rendered /home/juli/.rbenv/versions/2.3.0/lib/ruby/gems/2.3.0/gems/web-console-2.3.0/lib/web_console/templates/error_page.js.erb within layouts/javascript (0.3ms)
  Rendered /home/juli/.rbenv/versions/2.3.0/lib/ruby/gems/2.3.0/gems/web-console-2.3.0/lib/web_console/templates/index.html.erb (47.3ms)


Started GET "/api/language/1" for 127.0.0.1 at 2016-05-13 20:27:12 +0300
  [1m[36mActiveRecord::SchemaMigration Load (1.2ms)[0m  [1mSELECT `schema_migrations`.* FROM `schema_migrations`[0m
  [1m[35mLanguage Load (0.5ms)[0m  SELECT  `languages`.* FROM `languages` WHERE `languages`.`id` = 1 LIMIT 1

ActiveRecord::RecordNotFound (Couldn't find Language with 'id'=1):
  app/controllers/language_controller.rb:9:in `show'


  Rendered /home/juli/.rbenv/versions/2.3.0/lib/ruby/gems/2.3.0/gems/actionpack-4.2.6/lib/action_dispatch/middleware/templates/rescues/_source.erb (3.0ms)
  Rendered /home/juli/.rbenv/versions/2.3.0/lib/ruby/gems/2.3.0/gems/actionpack-4.2.6/lib/action_dispatch/middleware/templates/rescues/_trace.html.erb (1.9ms)
  Rendered /home/juli/.rbenv/versions/2.3.0/lib/ruby/gems/2.3.0/gems/actionpack-4.2.6/lib/action_dispatch/middleware/templates/rescues/_request_and_response.html.erb (0.8ms)
  Rendered /home/juli/.rbenv/versions/2.3.0/lib/ruby/gems/2.3.0/gems/actionpack-4.2.6/lib/action_dispatch/middleware/templates/rescues/diagnostics.html.erb within rescues/layout (20.5ms)
  Rendered /home/juli/.rbenv/versions/2.3.0/lib/ruby/gems/2.3.0/gems/web-console-2.3.0/lib/web_console/templates/_markup.html.erb (0.3ms)
  Rendered /home/juli/.rbenv/versions/2.3.0/lib/ruby/gems/2.3.0/gems/web-console-2.3.0/lib/web_console/templates/_inner_console_markup.html.erb within layouts/inlined_string (0.3ms)
  Rendered /home/juli/.rbenv/versions/2.3.0/lib/ruby/gems/2.3.0/gems/web-console-2.3.0/lib/web_console/templates/_prompt_box_markup.html.erb within layouts/inlined_string (0.3ms)
  Rendered /home/juli/.rbenv/versions/2.3.0/lib/ruby/gems/2.3.0/gems/web-console-2.3.0/lib/web_console/templates/style.css.erb within layouts/inlined_string (0.3ms)
  Rendered /home/juli/.rbenv/versions/2.3.0/lib/ruby/gems/2.3.0/gems/web-console-2.3.0/lib/web_console/templates/console.js.erb within layouts/javascript (19.3ms)
  Rendered /home/juli/.rbenv/versions/2.3.0/lib/ruby/gems/2.3.0/gems/web-console-2.3.0/lib/web_console/templates/main.js.erb within layouts/javascript (0.2ms)
  Rendered /home/juli/.rbenv/versions/2.3.0/lib/ruby/gems/2.3.0/gems/web-console-2.3.0/lib/web_console/templates/error_page.js.erb within layouts/javascript (0.3ms)
  Rendered /home/juli/.rbenv/versions/2.3.0/lib/ruby/gems/2.3.0/gems/web-console-2.3.0/lib/web_console/templates/index.html.erb (37.9ms)


Started GET "/api/language/1" for 127.0.0.1 at 2016-05-13 20:28:16 +0300
  [1m[36mActiveRecord::SchemaMigration Load (1.8ms)[0m  [1mSELECT `schema_migrations`.* FROM `schema_migrations`[0m
  [1m[35mLanguage Load (0.4ms)[0m  SELECT  `languages`.* FROM `languages` WHERE `languages`.`id` = 1 LIMIT 1

ActiveRecord::RecordNotFound (Couldn't find Language with 'id'=1):
  app/controllers/language_controller.rb:9:in `show'


  Rendered /home/juli/.rbenv/versions/2.3.0/lib/ruby/gems/2.3.0/gems/actionpack-4.2.6/lib/action_dispatch/middleware/templates/rescues/_source.erb (2.6ms)
  Rendered /home/juli/.rbenv/versions/2.3.0/lib/ruby/gems/2.3.0/gems/actionpack-4.2.6/lib/action_dispatch/middleware/templates/rescues/_trace.html.erb (1.3ms)
  Rendered /home/juli/.rbenv/versions/2.3.0/lib/ruby/gems/2.3.0/gems/actionpack-4.2.6/lib/action_dispatch/middleware/templates/rescues/_request_and_response.html.erb (0.7ms)
  Rendered /home/juli/.rbenv/versions/2.3.0/lib/ruby/gems/2.3.0/gems/actionpack-4.2.6/lib/action_dispatch/middleware/templates/rescues/diagnostics.html.erb within rescues/layout (18.7ms)
  Rendered /home/juli/.rbenv/versions/2.3.0/lib/ruby/gems/2.3.0/gems/web-console-2.3.0/lib/web_console/templates/_markup.html.erb (0.3ms)
  Rendered /home/juli/.rbenv/versions/2.3.0/lib/ruby/gems/2.3.0/gems/web-console-2.3.0/lib/web_console/templates/_inner_console_markup.html.erb within layouts/inlined_string (0.2ms)
  Rendered /home/juli/.rbenv/versions/2.3.0/lib/ruby/gems/2.3.0/gems/web-console-2.3.0/lib/web_console/templates/_prompt_box_markup.html.erb within layouts/inlined_string (0.2ms)
  Rendered /home/juli/.rbenv/versions/2.3.0/lib/ruby/gems/2.3.0/gems/web-console-2.3.0/lib/web_console/templates/style.css.erb within layouts/inlined_string (0.2ms)
  Rendered /home/juli/.rbenv/versions/2.3.0/lib/ruby/gems/2.3.0/gems/web-console-2.3.0/lib/web_console/templates/console.js.erb within layouts/javascript (17.0ms)
  Rendered /home/juli/.rbenv/versions/2.3.0/lib/ruby/gems/2.3.0/gems/web-console-2.3.0/lib/web_console/templates/main.js.erb within layouts/javascript (0.2ms)
  Rendered /home/juli/.rbenv/versions/2.3.0/lib/ruby/gems/2.3.0/gems/web-console-2.3.0/lib/web_console/templates/error_page.js.erb within layouts/javascript (0.3ms)
  Rendered /home/juli/.rbenv/versions/2.3.0/lib/ruby/gems/2.3.0/gems/web-console-2.3.0/lib/web_console/templates/index.html.erb (33.8ms)


Started GET "/api/language/1" for 127.0.0.1 at 2016-05-13 20:29:00 +0300
  [1m[36mActiveRecord::SchemaMigration Load (1.8ms)[0m  [1mSELECT `schema_migrations`.* FROM `schema_migrations`[0m
  [1m[35mLanguage Load (0.6ms)[0m  SELECT  `languages`.* FROM `languages` WHERE `languages`.`id` = 1 LIMIT 1

ActiveRecord::RecordNotFound (Couldn't find Language with 'id'=1):
  app/controllers/language_controller.rb:9:in `show'


  Rendered /home/juli/.rbenv/versions/2.3.0/lib/ruby/gems/2.3.0/gems/actionpack-4.2.6/lib/action_dispatch/middleware/templates/rescues/_source.erb (2.6ms)
  Rendered /home/juli/.rbenv/versions/2.3.0/lib/ruby/gems/2.3.0/gems/actionpack-4.2.6/lib/action_dispatch/middleware/templates/rescues/_trace.html.erb (1.4ms)
  Rendered /home/juli/.rbenv/versions/2.3.0/lib/ruby/gems/2.3.0/gems/actionpack-4.2.6/lib/action_dispatch/middleware/templates/rescues/_request_and_response.html.erb (0.9ms)
  Rendered /home/juli/.rbenv/versions/2.3.0/lib/ruby/gems/2.3.0/gems/actionpack-4.2.6/lib/action_dispatch/middleware/templates/rescues/diagnostics.html.erb within rescues/layout (19.4ms)
  Rendered /home/juli/.rbenv/versions/2.3.0/lib/ruby/gems/2.3.0/gems/web-console-2.3.0/lib/web_console/templates/_markup.html.erb (0.3ms)
  Rendered /home/juli/.rbenv/versions/2.3.0/lib/ruby/gems/2.3.0/gems/web-console-2.3.0/lib/web_console/templates/_inner_console_markup.html.erb within layouts/inlined_string (0.2ms)
  Rendered /home/juli/.rbenv/versions/2.3.0/lib/ruby/gems/2.3.0/gems/web-console-2.3.0/lib/web_console/templates/_prompt_box_markup.html.erb within layouts/inlined_string (0.2ms)
  Rendered /home/juli/.rbenv/versions/2.3.0/lib/ruby/gems/2.3.0/gems/web-console-2.3.0/lib/web_console/templates/style.css.erb within layouts/inlined_string (0.3ms)
  Rendered /home/juli/.rbenv/versions/2.3.0/lib/ruby/gems/2.3.0/gems/web-console-2.3.0/lib/web_console/templates/console.js.erb within layouts/javascript (19.2ms)
  Rendered /home/juli/.rbenv/versions/2.3.0/lib/ruby/gems/2.3.0/gems/web-console-2.3.0/lib/web_console/templates/main.js.erb within layouts/javascript (0.2ms)
  Rendered /home/juli/.rbenv/versions/2.3.0/lib/ruby/gems/2.3.0/gems/web-console-2.3.0/lib/web_console/templates/error_page.js.erb within layouts/javascript (0.3ms)
  Rendered /home/juli/.rbenv/versions/2.3.0/lib/ruby/gems/2.3.0/gems/web-console-2.3.0/lib/web_console/templates/index.html.erb (36.5ms)


Started GET "/api/language/1" for 127.0.0.1 at 2016-05-13 20:29:39 +0300
  [1m[36mActiveRecord::SchemaMigration Load (1.4ms)[0m  [1mSELECT `schema_migrations`.* FROM `schema_migrations`[0m
  [1m[35mLanguage Load (0.6ms)[0m  SELECT  `languages`.* FROM `languages` WHERE `languages`.`id` = 1 LIMIT 1

NoMethodError (undefined method `exists?' for nil:NilClass):
  app/controllers/language_controller.rb:10:in `show'


  Rendered /home/juli/.rbenv/versions/2.3.0/lib/ruby/gems/2.3.0/gems/actionpack-4.2.6/lib/action_dispatch/middleware/templates/rescues/_source.erb (5.0ms)
  Rendered /home/juli/.rbenv/versions/2.3.0/lib/ruby/gems/2.3.0/gems/actionpack-4.2.6/lib/action_dispatch/middleware/templates/rescues/_trace.html.erb (2.3ms)
  Rendered /home/juli/.rbenv/versions/2.3.0/lib/ruby/gems/2.3.0/gems/actionpack-4.2.6/lib/action_dispatch/middleware/templates/rescues/_request_and_response.html.erb (0.8ms)
  Rendered /home/juli/.rbenv/versions/2.3.0/lib/ruby/gems/2.3.0/gems/actionpack-4.2.6/lib/action_dispatch/middleware/templates/rescues/diagnostics.html.erb within rescues/layout (25.0ms)
  Rendered /home/juli/.rbenv/versions/2.3.0/lib/ruby/gems/2.3.0/gems/web-console-2.3.0/lib/web_console/templates/_markup.html.erb (0.3ms)
  Rendered /home/juli/.rbenv/versions/2.3.0/lib/ruby/gems/2.3.0/gems/web-console-2.3.0/lib/web_console/templates/_inner_console_markup.html.erb within layouts/inlined_string (0.2ms)
  Rendered /home/juli/.rbenv/versions/2.3.0/lib/ruby/gems/2.3.0/gems/web-console-2.3.0/lib/web_console/templates/_prompt_box_markup.html.erb within layouts/inlined_string (0.2ms)
  Rendered /home/juli/.rbenv/versions/2.3.0/lib/ruby/gems/2.3.0/gems/web-console-2.3.0/lib/web_console/templates/style.css.erb within layouts/inlined_string (0.3ms)
  Rendered /home/juli/.rbenv/versions/2.3.0/lib/ruby/gems/2.3.0/gems/web-console-2.3.0/lib/web_console/templates/console.js.erb within layouts/javascript (16.8ms)
  Rendered /home/juli/.rbenv/versions/2.3.0/lib/ruby/gems/2.3.0/gems/web-console-2.3.0/lib/web_console/templates/main.js.erb within layouts/javascript (0.2ms)
  Rendered /home/juli/.rbenv/versions/2.3.0/lib/ruby/gems/2.3.0/gems/web-console-2.3.0/lib/web_console/templates/error_page.js.erb within layouts/javascript (0.3ms)
  Rendered /home/juli/.rbenv/versions/2.3.0/lib/ruby/gems/2.3.0/gems/web-console-2.3.0/lib/web_console/templates/index.html.erb (32.8ms)


Started GET "/api/language/1" for 127.0.0.1 at 2016-05-13 20:30:18 +0300
  [1m[36mActiveRecord::SchemaMigration Load (1.8ms)[0m  [1mSELECT `schema_migrations`.* FROM `schema_migrations`[0m
  [1m[35mLanguage Load (0.9ms)[0m  SELECT  `languages`.* FROM `languages` WHERE `languages`.`id` = 1 LIMIT 1
  [1m[36m (0.3ms)[0m  [1mBEGIN[0m
  [1m[35mSQL (9.0ms)[0m  INSERT INTO `languages` (`id`, `name`, `created_at`, `updated_at`) VALUES (1, 'Russian', '2016-05-13 17:31:31', '2016-05-13 17:31:31')
  [1m[36m (3.6ms)[0m  [1mCOMMIT[0m


Started GET "/api/language/1" for 127.0.0.1 at 2016-05-13 20:31:58 +0300
  [1m[36mActiveRecord::SchemaMigration Load (1.1ms)[0m  [1mSELECT `schema_migrations`.* FROM `schema_migrations`[0m
  [1m[35mLanguage Load (1.2ms)[0m  SELECT  `languages`.* FROM `languages` WHERE `languages`.`id` = 1 LIMIT 1


Started GET "/api/language/1" for 127.0.0.1 at 2016-05-13 20:32:07 +0300
  [1m[36mLanguage Load (0.3ms)[0m  [1mSELECT  `languages`.* FROM `languages` WHERE `languages`.`id` = 1 LIMIT 1[0m


Started GET "/api/language/list" for 127.0.0.1 at 2016-05-13 20:32:15 +0300
  [1m[35mLanguage Load (0.2ms)[0m  SELECT `languages`.* FROM `languages`


Started POST "/api/language" for 127.0.0.1 at 2016-05-13 20:37:06 +0300
  [1m[36mActiveRecord::SchemaMigration Load (6.4ms)[0m  [1mSELECT `schema_migrations`.* FROM `schema_migrations`[0m

ActionController::RoutingError (No route matches [POST] "/api/language"):
  actionpack (4.2.6) lib/action_dispatch/middleware/debug_exceptions.rb:21:in `call'
  web-console (2.3.0) lib/web_console/middleware.rb:28:in `block in call'
  web-console (2.3.0) lib/web_console/middleware.rb:18:in `catch'
  web-console (2.3.0) lib/web_console/middleware.rb:18:in `call'
  actionpack (4.2.6) lib/action_dispatch/middleware/show_exceptions.rb:30:in `call'
  railties (4.2.6) lib/rails/rack/logger.rb:38:in `call_app'
  railties (4.2.6) lib/rails/rack/logger.rb:20:in `block in call'
  activesupport (4.2.6) lib/active_support/tagged_logging.rb:68:in `block in tagged'
  activesupport (4.2.6) lib/active_support/tagged_logging.rb:26:in `tagged'
  activesupport (4.2.6) lib/active_support/tagged_logging.rb:68:in `tagged'
  railties (4.2.6) lib/rails/rack/logger.rb:20:in `call'
  actionpack (4.2.6) lib/action_dispatch/middleware/request_id.rb:21:in `call'
  rack (1.6.4) lib/rack/runtime.rb:18:in `call'
  activesupport (4.2.6) lib/active_support/cache/strategy/local_cache_middleware.rb:28:in `call'
  rack (1.6.4) lib/rack/lock.rb:17:in `call'
  actionpack (4.2.6) lib/action_dispatch/middleware/static.rb:120:in `call'
  railties (4.2.6) lib/rails/engine.rb:518:in `call'
  railties (4.2.6) lib/rails/application.rb:165:in `call'
  rack (1.6.4) lib/rack/lock.rb:17:in `call'
  rack (1.6.4) lib/rack/content_length.rb:15:in `call'
  rack (1.6.4) lib/rack/handler/webrick.rb:88:in `service'
  /home/juli/.rbenv/versions/2.3.0/lib/ruby/2.3.0/webrick/httpserver.rb:140:in `service'
  /home/juli/.rbenv/versions/2.3.0/lib/ruby/2.3.0/webrick/httpserver.rb:96:in `run'
  /home/juli/.rbenv/versions/2.3.0/lib/ruby/2.3.0/webrick/server.rb:296:in `block in start_thread'


  Rendered /home/juli/.rbenv/versions/2.3.0/lib/ruby/gems/2.3.0/gems/actionpack-4.2.6/lib/action_dispatch/middleware/templates/rescues/_trace.html.erb (1.2ms)
  Rendered /home/juli/.rbenv/versions/2.3.0/lib/ruby/gems/2.3.0/gems/actionpack-4.2.6/lib/action_dispatch/middleware/templates/routes/_route.html.erb (0.7ms)
  Rendered /home/juli/.rbenv/versions/2.3.0/lib/ruby/gems/2.3.0/gems/actionpack-4.2.6/lib/action_dispatch/middleware/templates/routes/_table.html.erb (6.1ms)
  Rendered /home/juli/.rbenv/versions/2.3.0/lib/ruby/gems/2.3.0/gems/actionpack-4.2.6/lib/action_dispatch/middleware/templates/rescues/_request_and_response.html.erb (0.8ms)
  Rendered /home/juli/.rbenv/versions/2.3.0/lib/ruby/gems/2.3.0/gems/actionpack-4.2.6/lib/action_dispatch/middleware/templates/rescues/routing_error.html.erb within rescues/layout (31.8ms)
  Rendered /home/juli/.rbenv/versions/2.3.0/lib/ruby/gems/2.3.0/gems/web-console-2.3.0/lib/web_console/templates/_markup.html.erb (0.5ms)
  Rendered /home/juli/.rbenv/versions/2.3.0/lib/ruby/gems/2.3.0/gems/web-console-2.3.0/lib/web_console/templates/_inner_console_markup.html.erb within layouts/inlined_string (0.3ms)
  Rendered /home/juli/.rbenv/versions/2.3.0/lib/ruby/gems/2.3.0/gems/web-console-2.3.0/lib/web_console/templates/_prompt_box_markup.html.erb within layouts/inlined_string (0.3ms)
  Rendered /home/juli/.rbenv/versions/2.3.0/lib/ruby/gems/2.3.0/gems/web-console-2.3.0/lib/web_console/templates/style.css.erb within layouts/inlined_string (0.3ms)
  Rendered /home/juli/.rbenv/versions/2.3.0/lib/ruby/gems/2.3.0/gems/web-console-2.3.0/lib/web_console/templates/console.js.erb within layouts/javascript (22.7ms)
  Rendered /home/juli/.rbenv/versions/2.3.0/lib/ruby/gems/2.3.0/gems/web-console-2.3.0/lib/web_console/templates/main.js.erb within layouts/javascript (0.4ms)
  Rendered /home/juli/.rbenv/versions/2.3.0/lib/ruby/gems/2.3.0/gems/web-console-2.3.0/lib/web_console/templates/error_page.js.erb within layouts/javascript (0.8ms)
  Rendered /home/juli/.rbenv/versions/2.3.0/lib/ruby/gems/2.3.0/gems/web-console-2.3.0/lib/web_console/templates/index.html.erb (43.7ms)


Started GET "/api/language" for 127.0.0.1 at 2016-05-13 20:37:17 +0300

ActionController::RoutingError (No route matches [GET] "/api/language"):
  actionpack (4.2.6) lib/action_dispatch/middleware/debug_exceptions.rb:21:in `call'
  web-console (2.3.0) lib/web_console/middleware.rb:28:in `block in call'
  web-console (2.3.0) lib/web_console/middleware.rb:18:in `catch'
  web-console (2.3.0) lib/web_console/middleware.rb:18:in `call'
  actionpack (4.2.6) lib/action_dispatch/middleware/show_exceptions.rb:30:in `call'
  railties (4.2.6) lib/rails/rack/logger.rb:38:in `call_app'
  railties (4.2.6) lib/rails/rack/logger.rb:20:in `block in call'
  activesupport (4.2.6) lib/active_support/tagged_logging.rb:68:in `block in tagged'
  activesupport (4.2.6) lib/active_support/tagged_logging.rb:26:in `tagged'
  activesupport (4.2.6) lib/active_support/tagged_logging.rb:68:in `tagged'
  railties (4.2.6) lib/rails/rack/logger.rb:20:in `call'
  actionpack (4.2.6) lib/action_dispatch/middleware/request_id.rb:21:in `call'
  rack (1.6.4) lib/rack/runtime.rb:18:in `call'
  activesupport (4.2.6) lib/active_support/cache/strategy/local_cache_middleware.rb:28:in `call'
  rack (1.6.4) lib/rack/lock.rb:17:in `call'
  actionpack (4.2.6) lib/action_dispatch/middleware/static.rb:120:in `call'
  railties (4.2.6) lib/rails/engine.rb:518:in `call'
  railties (4.2.6) lib/rails/application.rb:165:in `call'
  rack (1.6.4) lib/rack/lock.rb:17:in `call'
  rack (1.6.4) lib/rack/content_length.rb:15:in `call'
  rack (1.6.4) lib/rack/handler/webrick.rb:88:in `service'
  /home/juli/.rbenv/versions/2.3.0/lib/ruby/2.3.0/webrick/httpserver.rb:140:in `service'
  /home/juli/.rbenv/versions/2.3.0/lib/ruby/2.3.0/webrick/httpserver.rb:96:in `run'
  /home/juli/.rbenv/versions/2.3.0/lib/ruby/2.3.0/webrick/server.rb:296:in `block in start_thread'


  Rendered /home/juli/.rbenv/versions/2.3.0/lib/ruby/gems/2.3.0/gems/actionpack-4.2.6/lib/action_dispatch/middleware/templates/rescues/_trace.html.erb (1.3ms)
  Rendered /home/juli/.rbenv/versions/2.3.0/lib/ruby/gems/2.3.0/gems/actionpack-4.2.6/lib/action_dispatch/middleware/templates/routes/_route.html.erb (0.6ms)
  Rendered /home/juli/.rbenv/versions/2.3.0/lib/ruby/gems/2.3.0/gems/actionpack-4.2.6/lib/action_dispatch/middleware/templates/routes/_table.html.erb (6.5ms)
  Rendered /home/juli/.rbenv/versions/2.3.0/lib/ruby/gems/2.3.0/gems/actionpack-4.2.6/lib/action_dispatch/middleware/templates/rescues/_request_and_response.html.erb (1.0ms)
  Rendered /home/juli/.rbenv/versions/2.3.0/lib/ruby/gems/2.3.0/gems/actionpack-4.2.6/lib/action_dispatch/middleware/templates/rescues/routing_error.html.erb within rescues/layout (27.9ms)
  Rendered /home/juli/.rbenv/versions/2.3.0/lib/ruby/gems/2.3.0/gems/web-console-2.3.0/lib/web_console/templates/_markup.html.erb (0.6ms)
  Rendered /home/juli/.rbenv/versions/2.3.0/lib/ruby/gems/2.3.0/gems/web-console-2.3.0/lib/web_console/templates/_inner_console_markup.html.erb within layouts/inlined_string (0.3ms)
  Rendered /home/juli/.rbenv/versions/2.3.0/lib/ruby/gems/2.3.0/gems/web-console-2.3.0/lib/web_console/templates/_prompt_box_markup.html.erb within layouts/inlined_string (0.4ms)
  Rendered /home/juli/.rbenv/versions/2.3.0/lib/ruby/gems/2.3.0/gems/web-console-2.3.0/lib/web_console/templates/style.css.erb within layouts/inlined_string (0.3ms)
  Rendered /home/juli/.rbenv/versions/2.3.0/lib/ruby/gems/2.3.0/gems/web-console-2.3.0/lib/web_console/templates/console.js.erb within layouts/javascript (17.1ms)
  Rendered /home/juli/.rbenv/versions/2.3.0/lib/ruby/gems/2.3.0/gems/web-console-2.3.0/lib/web_console/templates/main.js.erb within layouts/javascript (0.2ms)
  Rendered /home/juli/.rbenv/versions/2.3.0/lib/ruby/gems/2.3.0/gems/web-console-2.3.0/lib/web_console/templates/error_page.js.erb within layouts/javascript (0.5ms)
  Rendered /home/juli/.rbenv/versions/2.3.0/lib/ruby/gems/2.3.0/gems/web-console-2.3.0/lib/web_console/templates/index.html.erb (34.4ms)


Started GET "/api/language/1" for 127.0.0.1 at 2016-05-13 20:37:24 +0300
  [1m[35mLanguage Load (1.5ms)[0m  SELECT  `languages`.* FROM `languages` WHERE `languages`.`id` = 1 LIMIT 1


Started GET "/api/language/1" for 127.0.0.1 at 2016-05-13 20:37:30 +0300
  [1m[36mLanguage Load (0.3ms)[0m  [1mSELECT  `languages`.* FROM `languages` WHERE `languages`.`id` = 1 LIMIT 1[0m


Started POST "/api/language" for 127.0.0.1 at 2016-05-13 20:38:25 +0300

ActionController::RoutingError (No route matches [POST] "/api/language"):
  actionpack (4.2.6) lib/action_dispatch/middleware/debug_exceptions.rb:21:in `call'
  web-console (2.3.0) lib/web_console/middleware.rb:28:in `block in call'
  web-console (2.3.0) lib/web_console/middleware.rb:18:in `catch'
  web-console (2.3.0) lib/web_console/middleware.rb:18:in `call'
  actionpack (4.2.6) lib/action_dispatch/middleware/show_exceptions.rb:30:in `call'
  railties (4.2.6) lib/rails/rack/logger.rb:38:in `call_app'
  railties (4.2.6) lib/rails/rack/logger.rb:20:in `block in call'
  activesupport (4.2.6) lib/active_support/tagged_logging.rb:68:in `block in tagged'
  activesupport (4.2.6) lib/active_support/tagged_logging.rb:26:in `tagged'
  activesupport (4.2.6) lib/active_support/tagged_logging.rb:68:in `tagged'
  railties (4.2.6) lib/rails/rack/logger.rb:20:in `call'
  actionpack (4.2.6) lib/action_dispatch/middleware/request_id.rb:21:in `call'
  rack (1.6.4) lib/rack/runtime.rb:18:in `call'
  activesupport (4.2.6) lib/active_support/cache/strategy/local_cache_middleware.rb:28:in `call'
  rack (1.6.4) lib/rack/lock.rb:17:in `call'
  actionpack (4.2.6) lib/action_dispatch/middleware/static.rb:120:in `call'
  railties (4.2.6) lib/rails/engine.rb:518:in `call'
  railties (4.2.6) lib/rails/application.rb:165:in `call'
  rack (1.6.4) lib/rack/lock.rb:17:in `call'
  rack (1.6.4) lib/rack/content_length.rb:15:in `call'
  rack (1.6.4) lib/rack/handler/webrick.rb:88:in `service'
  /home/juli/.rbenv/versions/2.3.0/lib/ruby/2.3.0/webrick/httpserver.rb:140:in `service'
  /home/juli/.rbenv/versions/2.3.0/lib/ruby/2.3.0/webrick/httpserver.rb:96:in `run'
  /home/juli/.rbenv/versions/2.3.0/lib/ruby/2.3.0/webrick/server.rb:296:in `block in start_thread'


  Rendered /home/juli/.rbenv/versions/2.3.0/lib/ruby/gems/2.3.0/gems/actionpack-4.2.6/lib/action_dispatch/middleware/templates/rescues/_trace.html.erb (2.1ms)
  Rendered /home/juli/.rbenv/versions/2.3.0/lib/ruby/gems/2.3.0/gems/actionpack-4.2.6/lib/action_dispatch/middleware/templates/routes/_route.html.erb (1.4ms)
  Rendered /home/juli/.rbenv/versions/2.3.0/lib/ruby/gems/2.3.0/gems/actionpack-4.2.6/lib/action_dispatch/middleware/templates/routes/_table.html.erb (1.8ms)
  Rendered /home/juli/.rbenv/versions/2.3.0/lib/ruby/gems/2.3.0/gems/actionpack-4.2.6/lib/action_dispatch/middleware/templates/rescues/_request_and_response.html.erb (1.3ms)
  Rendered /home/juli/.rbenv/versions/2.3.0/lib/ruby/gems/2.3.0/gems/actionpack-4.2.6/lib/action_dispatch/middleware/templates/rescues/routing_error.html.erb within rescues/layout (30.5ms)
  Rendered /home/juli/.rbenv/versions/2.3.0/lib/ruby/gems/2.3.0/gems/web-console-2.3.0/lib/web_console/templates/_markup.html.erb (0.7ms)
  Rendered /home/juli/.rbenv/versions/2.3.0/lib/ruby/gems/2.3.0/gems/web-console-2.3.0/lib/web_console/templates/_inner_console_markup.html.erb within layouts/inlined_string (0.3ms)
  Rendered /home/juli/.rbenv/versions/2.3.0/lib/ruby/gems/2.3.0/gems/web-console-2.3.0/lib/web_console/templates/_prompt_box_markup.html.erb within layouts/inlined_string (0.3ms)
  Rendered /home/juli/.rbenv/versions/2.3.0/lib/ruby/gems/2.3.0/gems/web-console-2.3.0/lib/web_console/templates/style.css.erb within layouts/inlined_string (0.3ms)
  Rendered /home/juli/.rbenv/versions/2.3.0/lib/ruby/gems/2.3.0/gems/web-console-2.3.0/lib/web_console/templates/console.js.erb within layouts/javascript (16.8ms)
  Rendered /home/juli/.rbenv/versions/2.3.0/lib/ruby/gems/2.3.0/gems/web-console-2.3.0/lib/web_console/templates/main.js.erb within layouts/javascript (0.4ms)
  Rendered /home/juli/.rbenv/versions/2.3.0/lib/ruby/gems/2.3.0/gems/web-console-2.3.0/lib/web_console/templates/error_page.js.erb within layouts/javascript (0.4ms)
  Rendered /home/juli/.rbenv/versions/2.3.0/lib/ruby/gems/2.3.0/gems/web-console-2.3.0/lib/web_console/templates/index.html.erb (34.4ms)


Started POST "/api/language" for 127.0.0.1 at 2016-05-13 20:40:26 +0300
  [1m[36mActiveRecord::SchemaMigration Load (1.4ms)[0m  [1mSELECT `schema_migrations`.* FROM `schema_migrations`[0m
  [1m[35m (0.1ms)[0m  BEGIN
  [1m[36mSQL (2.6ms)[0m  [1mINSERT INTO `languages` (`name`, `created_at`, `updated_at`) VALUES ('English', '2016-05-13 17:40:26', '2016-05-13 17:40:26')[0m
  [1m[35m (6.4ms)[0m  COMMIT


Started DELETE "/api/language" for 127.0.0.1 at 2016-05-13 20:47:05 +0300

ActionController::RoutingError (No route matches [DELETE] "/api/language"):
  actionpack (4.2.6) lib/action_dispatch/middleware/debug_exceptions.rb:21:in `call'
  web-console (2.3.0) lib/web_console/middleware.rb:28:in `block in call'
  web-console (2.3.0) lib/web_console/middleware.rb:18:in `catch'
  web-console (2.3.0) lib/web_console/middleware.rb:18:in `call'
  actionpack (4.2.6) lib/action_dispatch/middleware/show_exceptions.rb:30:in `call'
  railties (4.2.6) lib/rails/rack/logger.rb:38:in `call_app'
  railties (4.2.6) lib/rails/rack/logger.rb:20:in `block in call'
  activesupport (4.2.6) lib/active_support/tagged_logging.rb:68:in `block in tagged'
  activesupport (4.2.6) lib/active_support/tagged_logging.rb:26:in `tagged'
  activesupport (4.2.6) lib/active_support/tagged_logging.rb:68:in `tagged'
  railties (4.2.6) lib/rails/rack/logger.rb:20:in `call'
  actionpack (4.2.6) lib/action_dispatch/middleware/request_id.rb:21:in `call'
  rack (1.6.4) lib/rack/runtime.rb:18:in `call'
  activesupport (4.2.6) lib/active_support/cache/strategy/local_cache_middleware.rb:28:in `call'
  rack (1.6.4) lib/rack/lock.rb:17:in `call'
  actionpack (4.2.6) lib/action_dispatch/middleware/static.rb:120:in `call'
  railties (4.2.6) lib/rails/engine.rb:518:in `call'
  railties (4.2.6) lib/rails/application.rb:165:in `call'
  rack (1.6.4) lib/rack/lock.rb:17:in `call'
  rack (1.6.4) lib/rack/content_length.rb:15:in `call'
  rack (1.6.4) lib/rack/handler/webrick.rb:88:in `service'
  /home/juli/.rbenv/versions/2.3.0/lib/ruby/2.3.0/webrick/httpserver.rb:140:in `service'
  /home/juli/.rbenv/versions/2.3.0/lib/ruby/2.3.0/webrick/httpserver.rb:96:in `run'
  /home/juli/.rbenv/versions/2.3.0/lib/ruby/2.3.0/webrick/server.rb:296:in `block in start_thread'


  Rendered /home/juli/.rbenv/versions/2.3.0/lib/ruby/gems/2.3.0/gems/actionpack-4.2.6/lib/action_dispatch/middleware/templates/rescues/_trace.html.erb (1.2ms)
  Rendered /home/juli/.rbenv/versions/2.3.0/lib/ruby/gems/2.3.0/gems/actionpack-4.2.6/lib/action_dispatch/middleware/templates/routes/_route.html.erb (0.9ms)
  Rendered /home/juli/.rbenv/versions/2.3.0/lib/ruby/gems/2.3.0/gems/actionpack-4.2.6/lib/action_dispatch/middleware/templates/routes/_table.html.erb (9.5ms)
  Rendered /home/juli/.rbenv/versions/2.3.0/lib/ruby/gems/2.3.0/gems/actionpack-4.2.6/lib/action_dispatch/middleware/templates/rescues/_request_and_response.html.erb (0.8ms)
  Rendered /home/juli/.rbenv/versions/2.3.0/lib/ruby/gems/2.3.0/gems/actionpack-4.2.6/lib/action_dispatch/middleware/templates/rescues/routing_error.html.erb within rescues/layout (36.0ms)
  Rendered /home/juli/.rbenv/versions/2.3.0/lib/ruby/gems/2.3.0/gems/web-console-2.3.0/lib/web_console/templates/_markup.html.erb (0.4ms)
  Rendered /home/juli/.rbenv/versions/2.3.0/lib/ruby/gems/2.3.0/gems/web-console-2.3.0/lib/web_console/templates/_inner_console_markup.html.erb within layouts/inlined_string (0.6ms)
  Rendered /home/juli/.rbenv/versions/2.3.0/lib/ruby/gems/2.3.0/gems/web-console-2.3.0/lib/web_console/templates/_prompt_box_markup.html.erb within layouts/inlined_string (0.4ms)
  Rendered /home/juli/.rbenv/versions/2.3.0/lib/ruby/gems/2.3.0/gems/web-console-2.3.0/lib/web_console/templates/style.css.erb within layouts/inlined_string (0.3ms)
  Rendered /home/juli/.rbenv/versions/2.3.0/lib/ruby/gems/2.3.0/gems/web-console-2.3.0/lib/web_console/templates/console.js.erb within layouts/javascript (35.0ms)
  Rendered /home/juli/.rbenv/versions/2.3.0/lib/ruby/gems/2.3.0/gems/web-console-2.3.0/lib/web_console/templates/main.js.erb within layouts/javascript (0.3ms)
  Rendered /home/juli/.rbenv/versions/2.3.0/lib/ruby/gems/2.3.0/gems/web-console-2.3.0/lib/web_console/templates/error_page.js.erb within layouts/javascript (0.4ms)
  Rendered /home/juli/.rbenv/versions/2.3.0/lib/ruby/gems/2.3.0/gems/web-console-2.3.0/lib/web_console/templates/index.html.erb (55.2ms)


Started DELETE "/api/language/1" for 127.0.0.1 at 2016-05-13 20:47:32 +0300
  [1m[36mLanguage Load (3.9ms)[0m  [1mSELECT  `languages`.* FROM `languages` WHERE `languages`.`id` = 1 LIMIT 1[0m
  [1m[35m (0.2ms)[0m  BEGIN
  [1m[36mSQL (3.0ms)[0m  [1mDELETE FROM `languages_users` WHERE `languages_users`.`language_id` = 1[0m
  [1m[35mSQL (4.3ms)[0m  DELETE FROM `languages` WHERE `languages`.`id` = 1
  [1m[36m (6.9ms)[0m  [1mCOMMIT[0m


Started GET "/api/language/list" for 127.0.0.1 at 2016-05-13 20:48:55 +0300
  [1m[36mActiveRecord::SchemaMigration Load (1.7ms)[0m  [1mSELECT `schema_migrations`.* FROM `schema_migrations`[0m
  [1m[35mLanguage Load (1.4ms)[0m  SELECT `languages`.* FROM `languages`
  [1m[36mLanguage Load (5.7ms)[0m  [1mSELECT  `languages`.* FROM `languages` WHERE `languages`.`id` = 2 LIMIT 1[0m
  [1m[36m (0.2ms)[0m  [1mBEGIN[0m
  [1m[35mLanguage Load (0.4ms)[0m  SELECT  `languages`.* FROM `languages` WHERE `languages`.`id` = 2 LIMIT 1
  [1m[36m (1.3ms)[0m  [1mSAVEPOINT active_record_1[0m
  [1m[35mSQL (1.7ms)[0m  DELETE FROM `languages_users` WHERE `languages_users`.`language_id` = 2
  [1m[36mSQL (2.4ms)[0m  [1mDELETE FROM `languages` WHERE `languages`.`id` = 2[0m
  [1m[35m (0.1ms)[0m  RELEASE SAVEPOINT active_record_1
  [1m[36m (0.1ms)[0m  [1mSAVEPOINT active_record_1[0m
  [1m[35mSQL (3.3ms)[0m  DELETE FROM `languages_users` WHERE `languages_users`.`language_id` = 2
  [1m[36m (0.2ms)[0m  [1mRELEASE SAVEPOINT active_record_1[0m
  [1m[35m (0.1ms)[0m  SAVEPOINT active_record_1
  [1m[36mSQL (0.2ms)[0m  [1mDELETE FROM `languages_users` WHERE `languages_users`.`language_id` = 2[0m
  [1m[35m (0.1ms)[0m  RELEASE SAVEPOINT active_record_1
  [1m[36mLanguage Load (0.4ms)[0m  [1mSELECT  `languages`.* FROM `languages` WHERE `languages`.`id` = 2 LIMIT 1[0m
  [1m[35m (6.0ms)[0m  ROLLBACK


Started DELETE "/api/language/2" for 127.0.0.1 at 2016-05-13 20:52:55 +0300
  [1m[36mActiveRecord::SchemaMigration Load (0.6ms)[0m  [1mSELECT `schema_migrations`.* FROM `schema_migrations`[0m
  [1m[35mLanguage Load (0.5ms)[0m  SELECT  `languages`.* FROM `languages` WHERE `languages`.`id` = 2 LIMIT 1
  [1m[36m (0.3ms)[0m  [1mBEGIN[0m
  [1m[35mSQL (1.2ms)[0m  DELETE FROM `languages_users` WHERE `languages_users`.`language_id` = 2
  [1m[36mSQL (0.9ms)[0m  [1mDELETE FROM `languages` WHERE `languages`.`id` = 2[0m
  [1m[35m (5.9ms)[0m  COMMIT
  [1m[36mLanguage Load (0.8ms)[0m  [1mSELECT  `languages`.* FROM `languages` WHERE `languages`.`id` = 2 LIMIT 1[0m


Started POST "/api/language/" for 127.0.0.1 at 2016-05-13 21:31:55 +0300
  [1m[35m (0.2ms)[0m  BEGIN
  [1m[36mSQL (4.8ms)[0m  [1mINSERT INTO `languages` (`name`, `created_at`, `updated_at`) VALUES ('English', '2016-05-13 18:31:55', '2016-05-13 18:31:55')[0m
  [1m[35m (21.1ms)[0m  COMMIT


Started PUT "/api/language/1" for 127.0.0.1 at 2016-05-13 21:32:07 +0300

ActionController::RoutingError (No route matches [PUT] "/api/language/1"):
  actionpack (4.2.6) lib/action_dispatch/middleware/debug_exceptions.rb:21:in `call'
  web-console (2.3.0) lib/web_console/middleware.rb:28:in `block in call'
  web-console (2.3.0) lib/web_console/middleware.rb:18:in `catch'
  web-console (2.3.0) lib/web_console/middleware.rb:18:in `call'
  actionpack (4.2.6) lib/action_dispatch/middleware/show_exceptions.rb:30:in `call'
  railties (4.2.6) lib/rails/rack/logger.rb:38:in `call_app'
  railties (4.2.6) lib/rails/rack/logger.rb:20:in `block in call'
  activesupport (4.2.6) lib/active_support/tagged_logging.rb:68:in `block in tagged'
  activesupport (4.2.6) lib/active_support/tagged_logging.rb:26:in `tagged'
  activesupport (4.2.6) lib/active_support/tagged_logging.rb:68:in `tagged'
  railties (4.2.6) lib/rails/rack/logger.rb:20:in `call'
  actionpack (4.2.6) lib/action_dispatch/middleware/request_id.rb:21:in `call'
  rack (1.6.4) lib/rack/runtime.rb:18:in `call'
  activesupport (4.2.6) lib/active_support/cache/strategy/local_cache_middleware.rb:28:in `call'
  rack (1.6.4) lib/rack/lock.rb:17:in `call'
  actionpack (4.2.6) lib/action_dispatch/middleware/static.rb:120:in `call'
  railties (4.2.6) lib/rails/engine.rb:518:in `call'
  railties (4.2.6) lib/rails/application.rb:165:in `call'
  rack (1.6.4) lib/rack/lock.rb:17:in `call'
  rack (1.6.4) lib/rack/content_length.rb:15:in `call'
  rack (1.6.4) lib/rack/handler/webrick.rb:88:in `service'
  /home/juli/.rbenv/versions/2.3.0/lib/ruby/2.3.0/webrick/httpserver.rb:140:in `service'
  /home/juli/.rbenv/versions/2.3.0/lib/ruby/2.3.0/webrick/httpserver.rb:96:in `run'
  /home/juli/.rbenv/versions/2.3.0/lib/ruby/2.3.0/webrick/server.rb:296:in `block in start_thread'


  Rendered /home/juli/.rbenv/versions/2.3.0/lib/ruby/gems/2.3.0/gems/actionpack-4.2.6/lib/action_dispatch/middleware/templates/rescues/_trace.html.erb (1.6ms)
  Rendered /home/juli/.rbenv/versions/2.3.0/lib/ruby/gems/2.3.0/gems/actionpack-4.2.6/lib/action_dispatch/middleware/templates/routes/_route.html.erb (0.8ms)
  Rendered /home/juli/.rbenv/versions/2.3.0/lib/ruby/gems/2.3.0/gems/actionpack-4.2.6/lib/action_dispatch/middleware/templates/routes/_table.html.erb (8.0ms)
  Rendered /home/juli/.rbenv/versions/2.3.0/lib/ruby/gems/2.3.0/gems/actionpack-4.2.6/lib/action_dispatch/middleware/templates/rescues/_request_and_response.html.erb (0.8ms)
  Rendered /home/juli/.rbenv/versions/2.3.0/lib/ruby/gems/2.3.0/gems/actionpack-4.2.6/lib/action_dispatch/middleware/templates/rescues/routing_error.html.erb within rescues/layout (35.3ms)
  Rendered /home/juli/.rbenv/versions/2.3.0/lib/ruby/gems/2.3.0/gems/web-console-2.3.0/lib/web_console/templates/_markup.html.erb (0.6ms)
  Rendered /home/juli/.rbenv/versions/2.3.0/lib/ruby/gems/2.3.0/gems/web-console-2.3.0/lib/web_console/templates/_inner_console_markup.html.erb within layouts/inlined_string (0.3ms)
  Rendered /home/juli/.rbenv/versions/2.3.0/lib/ruby/gems/2.3.0/gems/web-console-2.3.0/lib/web_console/templates/_prompt_box_markup.html.erb within layouts/inlined_string (0.3ms)
  Rendered /home/juli/.rbenv/versions/2.3.0/lib/ruby/gems/2.3.0/gems/web-console-2.3.0/lib/web_console/templates/style.css.erb within layouts/inlined_string (0.3ms)
  Rendered /home/juli/.rbenv/versions/2.3.0/lib/ruby/gems/2.3.0/gems/web-console-2.3.0/lib/web_console/templates/console.js.erb within layouts/javascript (21.2ms)
  Rendered /home/juli/.rbenv/versions/2.3.0/lib/ruby/gems/2.3.0/gems/web-console-2.3.0/lib/web_console/templates/main.js.erb within layouts/javascript (0.3ms)
  Rendered /home/juli/.rbenv/versions/2.3.0/lib/ruby/gems/2.3.0/gems/web-console-2.3.0/lib/web_console/templates/error_page.js.erb within layouts/javascript (0.4ms)
  Rendered /home/juli/.rbenv/versions/2.3.0/lib/ruby/gems/2.3.0/gems/web-console-2.3.0/lib/web_console/templates/index.html.erb (41.5ms)


Started PUT "/api/language/1" for 127.0.0.1 at 2016-05-13 21:32:54 +0300
  [1m[36mLanguage Load (3.7ms)[0m  [1mSELECT  `languages`.* FROM `languages` WHERE `languages`.`id` = 1 LIMIT 1[0m


Started PUT "/api/language/1" for 127.0.0.1 at 2016-05-13 21:33:04 +0300
  [1m[36mActiveRecord::SchemaMigration Load (1.3ms)[0m  [1mSELECT `schema_migrations`.* FROM `schema_migrations`[0m
  [1m[35mLanguage Load (0.6ms)[0m  SELECT  `languages`.* FROM `languages` WHERE `languages`.`id` = 1 LIMIT 1


Started PUT "/api/language/1" for 127.0.0.1 at 2016-05-13 21:34:17 +0300
  [1m[36mActiveRecord::SchemaMigration Load (1.8ms)[0m  [1mSELECT `schema_migrations`.* FROM `schema_migrations`[0m

ActionController::RoutingError (No route matches [PUT] "/api/language/1"):
  actionpack (4.2.6) lib/action_dispatch/middleware/debug_exceptions.rb:21:in `call'
  web-console (2.3.0) lib/web_console/middleware.rb:28:in `block in call'
  web-console (2.3.0) lib/web_console/middleware.rb:18:in `catch'
  web-console (2.3.0) lib/web_console/middleware.rb:18:in `call'
  actionpack (4.2.6) lib/action_dispatch/middleware/show_exceptions.rb:30:in `call'
  railties (4.2.6) lib/rails/rack/logger.rb:38:in `call_app'
  railties (4.2.6) lib/rails/rack/logger.rb:20:in `block in call'
  activesupport (4.2.6) lib/active_support/tagged_logging.rb:68:in `block in tagged'
  activesupport (4.2.6) lib/active_support/tagged_logging.rb:26:in `tagged'
  activesupport (4.2.6) lib/active_support/tagged_logging.rb:68:in `tagged'
  railties (4.2.6) lib/rails/rack/logger.rb:20:in `call'
  actionpack (4.2.6) lib/action_dispatch/middleware/request_id.rb:21:in `call'
  rack (1.6.4) lib/rack/runtime.rb:18:in `call'
  activesupport (4.2.6) lib/active_support/cache/strategy/local_cache_middleware.rb:28:in `call'
  rack (1.6.4) lib/rack/lock.rb:17:in `call'
  actionpack (4.2.6) lib/action_dispatch/middleware/static.rb:120:in `call'
  railties (4.2.6) lib/rails/engine.rb:518:in `call'
  railties (4.2.6) lib/rails/application.rb:165:in `call'
  rack (1.6.4) lib/rack/lock.rb:17:in `call'
  rack (1.6.4) lib/rack/content_length.rb:15:in `call'
  rack (1.6.4) lib/rack/handler/webrick.rb:88:in `service'
  /home/juli/.rbenv/versions/2.3.0/lib/ruby/2.3.0/webrick/httpserver.rb:140:in `service'
  /home/juli/.rbenv/versions/2.3.0/lib/ruby/2.3.0/webrick/httpserver.rb:96:in `run'
  /home/juli/.rbenv/versions/2.3.0/lib/ruby/2.3.0/webrick/server.rb:296:in `block in start_thread'


  Rendered /home/juli/.rbenv/versions/2.3.0/lib/ruby/gems/2.3.0/gems/actionpack-4.2.6/lib/action_dispatch/middleware/templates/rescues/_trace.html.erb (1.7ms)
  Rendered /home/juli/.rbenv/versions/2.3.0/lib/ruby/gems/2.3.0/gems/actionpack-4.2.6/lib/action_dispatch/middleware/templates/routes/_route.html.erb (0.7ms)
  Rendered /home/juli/.rbenv/versions/2.3.0/lib/ruby/gems/2.3.0/gems/actionpack-4.2.6/lib/action_dispatch/middleware/templates/routes/_table.html.erb (13.2ms)
  Rendered /home/juli/.rbenv/versions/2.3.0/lib/ruby/gems/2.3.0/gems/actionpack-4.2.6/lib/action_dispatch/middleware/templates/rescues/_request_and_response.html.erb (1.0ms)
  Rendered /home/juli/.rbenv/versions/2.3.0/lib/ruby/gems/2.3.0/gems/actionpack-4.2.6/lib/action_dispatch/middleware/templates/rescues/routing_error.html.erb within rescues/layout (41.6ms)
  Rendered /home/juli/.rbenv/versions/2.3.0/lib/ruby/gems/2.3.0/gems/web-console-2.3.0/lib/web_console/templates/_markup.html.erb (0.3ms)
  Rendered /home/juli/.rbenv/versions/2.3.0/lib/ruby/gems/2.3.0/gems/web-console-2.3.0/lib/web_console/templates/_inner_console_markup.html.erb within layouts/inlined_string (0.4ms)
  Rendered /home/juli/.rbenv/versions/2.3.0/lib/ruby/gems/2.3.0/gems/web-console-2.3.0/lib/web_console/templates/_prompt_box_markup.html.erb within layouts/inlined_string (0.3ms)
  Rendered /home/juli/.rbenv/versions/2.3.0/lib/ruby/gems/2.3.0/gems/web-console-2.3.0/lib/web_console/templates/style.css.erb within layouts/inlined_string (0.4ms)
  Rendered /home/juli/.rbenv/versions/2.3.0/lib/ruby/gems/2.3.0/gems/web-console-2.3.0/lib/web_console/templates/console.js.erb within layouts/javascript (23.2ms)
  Rendered /home/juli/.rbenv/versions/2.3.0/lib/ruby/gems/2.3.0/gems/web-console-2.3.0/lib/web_console/templates/main.js.erb within layouts/javascript (0.3ms)
  Rendered /home/juli/.rbenv/versions/2.3.0/lib/ruby/gems/2.3.0/gems/web-console-2.3.0/lib/web_console/templates/error_page.js.erb within layouts/javascript (0.8ms)
  Rendered /home/juli/.rbenv/versions/2.3.0/lib/ruby/gems/2.3.0/gems/web-console-2.3.0/lib/web_console/templates/index.html.erb (43.6ms)


Started PATCH "/api/language/1" for 127.0.0.1 at 2016-05-13 21:34:25 +0300
  [1m[35mLanguage Load (1.1ms)[0m  SELECT  `languages`.* FROM `languages` WHERE `languages`.`id` = 1 LIMIT 1


Started GET "/api/language/list" for 127.0.0.1 at 2016-05-13 21:37:10 +0300
  [1m[36mActiveRecord::SchemaMigration Load (0.4ms)[0m  [1mSELECT `schema_migrations`.* FROM `schema_migrations`[0m
  [1m[35mLanguage Load (0.6ms)[0m  SELECT `languages`.* FROM `languages`


Started PATCH "/api/language/3" for 127.0.0.1 at 2016-05-13 21:37:16 +0300
  [1m[36mLanguage Load (0.4ms)[0m  [1mSELECT  `languages`.* FROM `languages` WHERE `languages`.`id` = 3 LIMIT 1[0m
  [1m[35m (0.1ms)[0m  BEGIN
  [1m[36mSQL (2.7ms)[0m  [1mUPDATE `languages` SET `name` = 'Russian', `updated_at` = '2016-05-13 18:37:16' WHERE `languages`.`id` = 3[0m
  [1m[35m (5.4ms)[0m  COMMIT
  [1m[36mActiveRecord::SchemaMigration Load (0.2ms)[0m  [1mSELECT `schema_migrations`.* FROM `schema_migrations`[0m
Migrating to CreateTranslationInContextTexts (20160513200556)
  [1m[36mActiveRecord::SchemaMigration Load (0.2ms)[0m  [1mSELECT `schema_migrations`.* FROM `schema_migrations`[0m
Migrating to DropContextTextTranslation (20160513201047)
  [1m[35m (20.3ms)[0m  DROP TABLE `context_text_translations`
  [1m[36m (0.1ms)[0m  [1mBEGIN[0m
  [1m[35mSQL (0.5ms)[0m  INSERT INTO `schema_migrations` (`version`) VALUES ('20160513201047')
  [1m[36m (5.5ms)[0m  [1mCOMMIT[0m
Migrating to CreateTranslationInContextTexts (20160513201556)
  [1m[35m (49.6ms)[0m  CREATE TABLE `translation_in_context_texts` (`id` int(11) auto_increment PRIMARY KEY, `position` int(11), `selection_length` int(11), `translation_id` int(11), `context_text_id` int(11), `created_at` datetime NOT NULL, `updated_at` datetime NOT NULL,  INDEX `index_translation_in_context_texts_on_translation_id`  (`translation_id`) ,  INDEX `index_translation_in_context_texts_on_context_text_id`  (`context_text_id`) ) ENGINE=InnoDB
  [1m[36m (43.2ms)[0m  [1mALTER TABLE `translation_in_context_texts` ADD CONSTRAINT `fk_rails_daf7d6ae75`
FOREIGN KEY (`translation_id`)
  REFERENCES `translations` (`id`)
[0m
  [1m[35m (62.3ms)[0m  ALTER TABLE `translation_in_context_texts` ADD CONSTRAINT `fk_rails_957f790b79`
FOREIGN KEY (`context_text_id`)
  REFERENCES `context_texts` (`id`)

  [1m[36m (0.1ms)[0m  [1mBEGIN[0m
  [1m[35mSQL (0.1ms)[0m  INSERT INTO `schema_migrations` (`version`) VALUES ('20160513201556')
  [1m[36m (5.1ms)[0m  [1mCOMMIT[0m
  [1m[35mActiveRecord::SchemaMigration Load (0.1ms)[0m  SELECT `schema_migrations`.* FROM `schema_migrations`
  [1m[36m (0.2ms)[0m  [1mSELECT fk.referenced_table_name as 'to_table'
      ,fk.referenced_column_name as 'primary_key'
      ,fk.column_name as 'column'
      ,fk.constraint_name as 'name'
FROM information_schema.key_column_usage fk
WHERE fk.referenced_column_name is not null
  AND fk.table_schema = 'everydaywords'
  AND fk.table_name = 'context_texts'
[0m
  [1m[35m (0.1ms)[0m  SHOW CREATE TABLE `context_texts`
  [1m[36m (0.2ms)[0m  [1mSELECT fk.referenced_table_name as 'to_table'
      ,fk.referenced_column_name as 'primary_key'
      ,fk.column_name as 'column'
      ,fk.constraint_name as 'name'
FROM information_schema.key_column_usage fk
WHERE fk.referenced_column_name is not null
  AND fk.table_schema = 'everydaywords'
  AND fk.table_name = 'language_context_texts'
[0m
  [1m[35m (0.1ms)[0m  SHOW CREATE TABLE `language_context_texts`
  [1m[36m (0.2ms)[0m  [1mSELECT fk.referenced_table_name as 'to_table'
      ,fk.referenced_column_name as 'primary_key'
      ,fk.column_name as 'column'
      ,fk.constraint_name as 'name'
FROM information_schema.key_column_usage fk
WHERE fk.referenced_column_name is not null
  AND fk.table_schema = 'everydaywords'
  AND fk.table_name = 'languages'
[0m
  [1m[35m (0.1ms)[0m  SHOW CREATE TABLE `languages`
  [1m[36m (0.2ms)[0m  [1mSELECT fk.referenced_table_name as 'to_table'
      ,fk.referenced_column_name as 'primary_key'
      ,fk.column_name as 'column'
      ,fk.constraint_name as 'name'
FROM information_schema.key_column_usage fk
WHERE fk.referenced_column_name is not null
  AND fk.table_schema = 'everydaywords'
  AND fk.table_name = 'languages_users'
[0m
  [1m[35m (0.1ms)[0m  SHOW CREATE TABLE `languages_users`
  [1m[36m (0.3ms)[0m  [1mSELECT fk.referenced_table_name as 'to_table'
      ,fk.referenced_column_name as 'primary_key'
      ,fk.column_name as 'column'
      ,fk.constraint_name as 'name'
FROM information_schema.key_column_usage fk
WHERE fk.referenced_column_name is not null
  AND fk.table_schema = 'everydaywords'
  AND fk.table_name = 'rest_access_tokens'
[0m
  [1m[35m (0.1ms)[0m  SHOW CREATE TABLE `rest_access_tokens`
  [1m[36m (0.2ms)[0m  [1mSELECT fk.referenced_table_name as 'to_table'
      ,fk.referenced_column_name as 'primary_key'
      ,fk.column_name as 'column'
      ,fk.constraint_name as 'name'
FROM information_schema.key_column_usage fk
WHERE fk.referenced_column_name is not null
  AND fk.table_schema = 'everydaywords'
  AND fk.table_name = 'text_element_context_texts'
[0m
  [1m[35m (0.1ms)[0m  SHOW CREATE TABLE `text_element_context_texts`
  [1m[36m (0.2ms)[0m  [1mSELECT fk.referenced_table_name as 'to_table'
      ,fk.referenced_column_name as 'primary_key'
      ,fk.column_name as 'column'
      ,fk.constraint_name as 'name'
FROM information_schema.key_column_usage fk
WHERE fk.referenced_column_name is not null
  AND fk.table_schema = 'everydaywords'
  AND fk.table_name = 'text_elements'
[0m
  [1m[35m (0.1ms)[0m  SHOW CREATE TABLE `text_elements`
  [1m[36m (0.3ms)[0m  [1mSELECT fk.referenced_table_name as 'to_table'
      ,fk.referenced_column_name as 'primary_key'
      ,fk.column_name as 'column'
      ,fk.constraint_name as 'name'
FROM information_schema.key_column_usage fk
WHERE fk.referenced_column_name is not null
  AND fk.table_schema = 'everydaywords'
  AND fk.table_name = 'translation_in_context_texts'
[0m
  [1m[35m (0.1ms)[0m  SHOW CREATE TABLE `translation_in_context_texts`
  [1m[36m (0.3ms)[0m  [1mSELECT fk.referenced_table_name as 'to_table'
      ,fk.referenced_column_name as 'primary_key'
      ,fk.column_name as 'column'
      ,fk.constraint_name as 'name'
FROM information_schema.key_column_usage fk
WHERE fk.referenced_column_name is not null
  AND fk.table_schema = 'everydaywords'
  AND fk.table_name = 'translations'
[0m
  [1m[35m (0.1ms)[0m  SHOW CREATE TABLE `translations`
  [1m[36m (0.2ms)[0m  [1mSELECT fk.referenced_table_name as 'to_table'
      ,fk.referenced_column_name as 'primary_key'
      ,fk.column_name as 'column'
      ,fk.constraint_name as 'name'
FROM information_schema.key_column_usage fk
WHERE fk.referenced_column_name is not null
  AND fk.table_schema = 'everydaywords'
  AND fk.table_name = 'user_translations'
[0m
  [1m[35m (0.1ms)[0m  SHOW CREATE TABLE `user_translations`
  [1m[36m (0.2ms)[0m  [1mSELECT fk.referenced_table_name as 'to_table'
      ,fk.referenced_column_name as 'primary_key'
      ,fk.column_name as 'column'
      ,fk.constraint_name as 'name'
FROM information_schema.key_column_usage fk
WHERE fk.referenced_column_name is not null
  AND fk.table_schema = 'everydaywords'
  AND fk.table_name = 'users'
[0m
  [1m[35m (0.1ms)[0m  SHOW CREATE TABLE `users`
